[19:10:52:487 06.11.2018] INFO : Debug wurde aktiviert!
[19:10:52:500 06.11.2018] INFO : Erstelle Datei system.config, falls diese nicht Vorhanden ist...
[19:10:52:500 06.11.2018] INFO : Die Datei existiert nun!
[19:10:52:501 06.11.2018] INFO : Erstelle Datei network.config, falls diese nicht Vorhanden ist...
[19:10:52:501 06.11.2018] INFO : Die Datei existiert nun!
[19:10:52:503 06.11.2018] DEBUG: Inizialisiere Config reader...
[19:10:52:505 06.11.2018] INFO : Config version wird gelesen...
[19:10:52:506 06.11.2018] DEBUG: Suche richtige Zeile...
[19:10:52:506 06.11.2018] DEBUG: Richtige Zeile wurde gefunden!
[19:10:52:507 06.11.2018] DEBUG: Trenne Value vom Key...
[19:10:52:508 06.11.2018] INFO : Config wurde gelesen!
[19:10:52:509 06.11.2018] INFO : Überprüfe Client Version mit der Server-Version...
[19:10:52:509 06.11.2018] DEBUG: Inizialisiere Config reader...
[19:10:52:509 06.11.2018] INFO : Config version wird gelesen...
[19:10:52:510 06.11.2018] DEBUG: Suche richtige Zeile...
[19:10:52:510 06.11.2018] DEBUG: Richtige Zeile wurde gefunden!
[19:10:52:512 06.11.2018] DEBUG: Trenne Value vom Key...
[19:10:52:512 06.11.2018] INFO : Config wurde gelesen!
[19:10:52:513 06.11.2018] DEBUG: Lade URL zum lesen der Version...
[19:10:52:534 06.11.2018] INFO : Eröffne Web-stream...
[19:10:53:212 06.11.2018] DEBUG: Inizialisiere URL reader um die Version zu lesen...
[19:10:53:213 06.11.2018] INFO : Version wird gelesen...
[19:10:53:214 06.11.2018] INFO : Version wurde gelesen!
[19:10:53:214 06.11.2018] DEBUG: Gleiche Versionen ab...
[19:10:53:214 06.11.2018] INFO : Sie verwenden eine Aktuelle Version!
[19:10:53:214 06.11.2018] DEBUG: Inizialisiere Config reader...
[19:10:53:214 06.11.2018] INFO : Config version wird gelesen...
[19:10:53:214 06.11.2018] DEBUG: Suche richtige Zeile...
[19:10:53:215 06.11.2018] DEBUG: Richtige Zeile wurde gefunden!
[19:10:53:215 06.11.2018] DEBUG: Trenne Value vom Key...
[19:10:53:215 06.11.2018] INFO : Config wurde gelesen!
[19:10:53:215 06.11.2018] INFO : Sie verwenden die neuste Version: 1.0
[19:10:53:216 06.11.2018] DEBUG: Setze neue Radioposition: 0
[19:10:53:217 06.11.2018] DEBUG: Neue Radioposition gesetzt!
[19:10:53:218 06.11.2018] INFO : Inizialisiere Radiostreams...
[19:10:53:218 06.11.2018] INFO : Verbindung zum Server wird Aufgabaut...
[19:10:53:218 06.11.2018] DEBUG: Server-URL wird gelesen...
[19:10:53:219 06.11.2018] DEBUG: Inizialisiere Config reader...
[19:10:53:219 06.11.2018] INFO : Config serverURL wird gelesen...
[19:10:53:219 06.11.2018] DEBUG: Suche richtige Zeile...
[19:10:53:219 06.11.2018] DEBUG: Richtige Zeile wurde gefunden!
[19:10:53:219 06.11.2018] DEBUG: Trenne Value vom Key...
[19:10:53:219 06.11.2018] INFO : Config wurde gelesen!
[19:10:53:219 06.11.2018] DEBUG: Server-Port wird gelesen...
[19:10:53:219 06.11.2018] DEBUG: Inizialisiere Config reader...
[19:10:53:220 06.11.2018] INFO : Config serverPort wird gelesen...
[19:10:53:220 06.11.2018] DEBUG: Suche richtige Zeile...
[19:10:53:220 06.11.2018] DEBUG: Suche richtige Zeile...
[19:10:53:220 06.11.2018] DEBUG: Richtige Zeile wurde gefunden!
[19:10:53:220 06.11.2018] DEBUG: Trenne Value vom Key...
[19:10:53:220 06.11.2018] INFO : Config wurde gelesen!
[19:10:53:244 06.11.2018] ERROR: Verbindungsaufbau abgelehnt (Connection refused)
[19:10:53:244 06.11.2018] DEBUG: Inizialisiere das Senden...
[19:13:29:065 06.11.2018] INFO : Debug wurde aktiviert!
[19:13:29:071 06.11.2018] INFO : Erstelle Datei system.config, falls diese nicht Vorhanden ist...
[19:13:29:071 06.11.2018] INFO : Die Datei existiert nun!
[19:13:29:071 06.11.2018] INFO : Erstelle Datei network.config, falls diese nicht Vorhanden ist...
[19:13:29:071 06.11.2018] INFO : Die Datei existiert nun!
[19:13:29:072 06.11.2018] DEBUG: Inizialisiere Config reader...
[19:13:29:072 06.11.2018] INFO : Config version wird gelesen...
[19:13:29:072 06.11.2018] DEBUG: Suche richtige Zeile...
[19:13:29:073 06.11.2018] DEBUG: Richtige Zeile wurde gefunden!
[19:13:29:073 06.11.2018] DEBUG: Trenne Value vom Key...
[19:13:29:073 06.11.2018] INFO : Config wurde gelesen!
[19:13:29:075 06.11.2018] INFO : Überprüfe Client Version mit der Server-Version...
[19:13:29:075 06.11.2018] DEBUG: Inizialisiere Config reader...
[19:13:29:076 06.11.2018] INFO : Config version wird gelesen...
[19:13:29:076 06.11.2018] DEBUG: Suche richtige Zeile...
[19:13:29:076 06.11.2018] DEBUG: Richtige Zeile wurde gefunden!
[19:13:29:076 06.11.2018] DEBUG: Trenne Value vom Key...
[19:13:29:076 06.11.2018] INFO : Config wurde gelesen!
[19:13:29:077 06.11.2018] DEBUG: Lade URL zum lesen der Version...
[19:13:29:082 06.11.2018] INFO : Eröffne Web-stream...
[19:13:29:692 06.11.2018] DEBUG: Inizialisiere URL reader um die Version zu lesen...
[19:13:29:696 06.11.2018] INFO : Version wird gelesen...
[19:13:29:697 06.11.2018] INFO : Version wurde gelesen!
[19:13:29:697 06.11.2018] DEBUG: Gleiche Versionen ab...
[19:13:29:697 06.11.2018] INFO : Sie verwenden eine Aktuelle Version!
[19:13:29:698 06.11.2018] DEBUG: Inizialisiere Config reader...
[19:13:29:698 06.11.2018] INFO : Config version wird gelesen...
[19:13:29:698 06.11.2018] DEBUG: Suche richtige Zeile...
[19:13:29:698 06.11.2018] DEBUG: Richtige Zeile wurde gefunden!
[19:13:29:698 06.11.2018] DEBUG: Trenne Value vom Key...
[19:13:29:699 06.11.2018] INFO : Config wurde gelesen!
[19:13:29:699 06.11.2018] INFO : Sie verwenden die neuste Version: 1.0
[19:13:29:701 06.11.2018] DEBUG: Setze neue Radioposition: 0
[19:13:29:701 06.11.2018] DEBUG: Neue Radioposition gesetzt!
[19:13:29:703 06.11.2018] INFO : Inizialisiere Radiostreams...
[19:13:29:704 06.11.2018] INFO : Verbindung zum Server wird Aufgabaut...
[19:13:29:709 06.11.2018] DEBUG: Server-URL wird gelesen...
[19:13:29:709 06.11.2018] DEBUG: Inizialisiere Config reader...
[19:13:29:709 06.11.2018] INFO : Config serverURL wird gelesen...
[19:13:29:710 06.11.2018] DEBUG: Suche richtige Zeile...
[19:13:29:710 06.11.2018] DEBUG: Richtige Zeile wurde gefunden!
[19:13:29:710 06.11.2018] DEBUG: Trenne Value vom Key...
[19:13:29:710 06.11.2018] INFO : Config wurde gelesen!
[19:13:29:712 06.11.2018] DEBUG: Server-Port wird gelesen...
[19:13:29:712 06.11.2018] DEBUG: Inizialisiere Config reader...
[19:13:29:713 06.11.2018] INFO : Config serverPort wird gelesen...
[19:13:29:713 06.11.2018] DEBUG: Suche richtige Zeile...
[19:13:29:713 06.11.2018] DEBUG: Suche richtige Zeile...
[19:13:29:713 06.11.2018] DEBUG: Richtige Zeile wurde gefunden!
[19:13:29:714 06.11.2018] DEBUG: Trenne Value vom Key...
[19:13:29:714 06.11.2018] INFO : Config wurde gelesen!
[19:13:29:741 06.11.2018] INFO : Verbindung zum Server wurde hergestellt!
[19:13:29:741 06.11.2018] DEBUG: Inizialisiere das Senden...
[19:13:29:741 06.11.2018] DEBUG: Daten werden geschrieben
[19:13:29:741 06.11.2018] INFO : Daten werden gesendet...
[19:13:29:742 06.11.2018] INFO : Daten wurden gesendet: Radio-getRadioStations
[19:13:29:742 06.11.2018] DEBUG: Inizialisiere das Epfangen von Daten vom Server...
[19:13:29:742 06.11.2018] INFO : Warte auf Daten vom Server...
[19:13:29:765 06.11.2018] INFO : Daten vom Server erhalten: 14
[19:13:29:766 06.11.2018] DEBUG: Inizialisiere das Epfangen von Daten vom Server...
[19:13:29:766 06.11.2018] INFO : Warte auf Daten vom Server...
[19:13:30:102 06.11.2018] INFO : Daten vom Server erhalten: ILoveRadio
[19:13:30:102 06.11.2018] DEBUG: Inizialisiere das Epfangen von Daten vom Server...
[19:13:30:102 06.11.2018] INFO : Warte auf Daten vom Server...
[19:13:30:122 06.11.2018] INFO : Daten vom Server erhalten: http://stream01.iloveradio.de/iloveradio1.mp3
[19:13:30:122 06.11.2018] DEBUG: Inizialisiere das Epfangen von Daten vom Server...
[19:13:30:122 06.11.2018] INFO : Warte auf Daten vom Server...
[19:13:30:176 06.11.2018] INFO : Daten vom Server erhalten: ILove2Dance
[19:13:30:176 06.11.2018] DEBUG: Inizialisiere das Epfangen von Daten vom Server...
[19:13:30:176 06.11.2018] INFO : Warte auf Daten vom Server...
[19:13:30:266 06.11.2018] INFO : Daten vom Server erhalten: http://stream01.iloveradio.de/iloveradio2.mp3
[19:13:30:266 06.11.2018] DEBUG: Inizialisiere das Epfangen von Daten vom Server...
[19:13:30:267 06.11.2018] INFO : Warte auf Daten vom Server...
[19:13:30:367 06.11.2018] INFO : Daten vom Server erhalten: ILoveTheBattle
[19:13:30:368 06.11.2018] DEBUG: Inizialisiere das Epfangen von Daten vom Server...
[19:13:30:368 06.11.2018] INFO : Warte auf Daten vom Server...
[19:13:30:482 06.11.2018] INFO : Daten vom Server erhalten: http://stream01.iloveradio.de/iloveradio3.mp3
[19:13:30:482 06.11.2018] DEBUG: Inizialisiere das Epfangen von Daten vom Server...
[19:13:30:483 06.11.2018] INFO : Warte auf Daten vom Server...
[19:13:30:580 06.11.2018] INFO : Daten vom Server erhalten: ILoveDreist
[19:13:30:580 06.11.2018] DEBUG: Inizialisiere das Epfangen von Daten vom Server...
[19:13:30:580 06.11.2018] INFO : Warte auf Daten vom Server...
[19:13:30:672 06.11.2018] INFO : Daten vom Server erhalten: http://stream01.iloveradio.de/iloveradio6.mp3
[19:13:30:672 06.11.2018] DEBUG: Inizialisiere das Epfangen von Daten vom Server...
[19:13:30:673 06.11.2018] INFO : Warte auf Daten vom Server...
[19:13:30:769 06.11.2018] INFO : Daten vom Server erhalten: BigFM
[19:13:30:770 06.11.2018] DEBUG: Inizialisiere das Epfangen von Daten vom Server...
[19:13:30:770 06.11.2018] INFO : Warte auf Daten vom Server...
[19:13:30:885 06.11.2018] INFO : Daten vom Server erhalten: http://streams.bigfm.de/bigfm-deutschland-128-mp3?usid=0-0-H-M-D-30
[19:13:30:885 06.11.2018] DEBUG: Inizialisiere das Epfangen von Daten vom Server...
[19:13:30:885 06.11.2018] INFO : Warte auf Daten vom Server...
[19:13:30:971 06.11.2018] INFO : Daten vom Server erhalten: SWR3
[19:13:30:972 06.11.2018] DEBUG: Inizialisiere das Epfangen von Daten vom Server...
[19:13:30:972 06.11.2018] INFO : Warte auf Daten vom Server...
[19:13:31:070 06.11.2018] INFO : Daten vom Server erhalten: http://swr-swr3-live.cast.addradio.de/swr/swr3/live/mp3/128/stream.mp3
[19:13:31:070 06.11.2018] DEBUG: Inizialisiere das Epfangen von Daten vom Server...
[19:13:31:071 06.11.2018] INFO : Warte auf Daten vom Server...
[19:13:31:171 06.11.2018] INFO : Daten vom Server erhalten: YouFM
[19:13:31:171 06.11.2018] DEBUG: Inizialisiere das Epfangen von Daten vom Server...
[19:13:31:172 06.11.2018] INFO : Warte auf Daten vom Server...
[19:13:31:275 06.11.2018] INFO : Daten vom Server erhalten: http://hr-youfm-live.cast.addradio.de/hr/youfm/live/mp3/128/stream.mp3
[19:13:31:276 06.11.2018] DEBUG: Inizialisiere das Epfangen von Daten vom Server...
[19:13:31:276 06.11.2018] INFO : Warte auf Daten vom Server...
[19:13:31:401 06.11.2018] INFO : Daten vom Server erhalten: 1Live
[19:13:31:401 06.11.2018] DEBUG: Inizialisiere das Epfangen von Daten vom Server...
[19:13:31:401 06.11.2018] INFO : Warte auf Daten vom Server...
[19:13:31:471 06.11.2018] INFO : Daten vom Server erhalten: http://wdr-1live-live.icecast.wdr.de/wdr/1live/live/mp3/128/stream.mp3
[19:13:31:471 06.11.2018] DEBUG: Inizialisiere das Epfangen von Daten vom Server...
[19:13:31:471 06.11.2018] INFO : Warte auf Daten vom Server...
[19:13:31:570 06.11.2018] INFO : Daten vom Server erhalten: 1LiveDiggi
[19:13:31:571 06.11.2018] DEBUG: Inizialisiere das Epfangen von Daten vom Server...
[19:13:31:571 06.11.2018] INFO : Warte auf Daten vom Server...
[19:13:31:670 06.11.2018] INFO : Daten vom Server erhalten: http://wdr-1live-diggi.icecast.wdr.de/wdr/1live/diggi/mp3/128/stream.mp3
[19:13:31:671 06.11.2018] DEBUG: Inizialisiere das Epfangen von Daten vom Server...
[19:13:31:671 06.11.2018] INFO : Warte auf Daten vom Server...
[19:13:31:771 06.11.2018] INFO : Daten vom Server erhalten: Top100Station
[19:13:31:771 06.11.2018] DEBUG: Inizialisiere das Epfangen von Daten vom Server...
[19:13:31:772 06.11.2018] INFO : Warte auf Daten vom Server...
[19:13:31:925 06.11.2018] INFO : Daten vom Server erhalten: http://stream.top100station.com/top100station.mp3
[19:13:31:925 06.11.2018] DEBUG: Inizialisiere das Epfangen von Daten vom Server...
[19:13:31:925 06.11.2018] INFO : Warte auf Daten vom Server...
[19:13:31:981 06.11.2018] INFO : Daten vom Server erhalten: DieNeueWelle
[19:13:31:981 06.11.2018] DEBUG: Inizialisiere das Epfangen von Daten vom Server...
[19:13:31:982 06.11.2018] INFO : Warte auf Daten vom Server...
[19:13:32:075 06.11.2018] INFO : Daten vom Server erhalten: http://dieneuewelle.cast.addradio.de/dieneuewelle/simulcast/high/stream.mp3
[19:13:32:075 06.11.2018] DEBUG: Inizialisiere das Epfangen von Daten vom Server...
[19:13:32:076 06.11.2018] INFO : Warte auf Daten vom Server...
[19:13:32:175 06.11.2018] INFO : Daten vom Server erhalten: RadioRegenbogen
[19:13:32:176 06.11.2018] DEBUG: Inizialisiere das Epfangen von Daten vom Server...
[19:13:32:176 06.11.2018] INFO : Warte auf Daten vom Server...
[19:13:32:275 06.11.2018] INFO : Daten vom Server erhalten: https://streams.regenbogen.de/rr-mannheim-128-mp3
[19:13:32:276 06.11.2018] DEBUG: Inizialisiere das Epfangen von Daten vom Server...
[19:13:32:276 06.11.2018] INFO : Warte auf Daten vom Server...
[19:13:32:376 06.11.2018] INFO : Daten vom Server erhalten: AntenneBayern
[19:13:32:376 06.11.2018] DEBUG: Inizialisiere das Epfangen von Daten vom Server...
[19:13:32:376 06.11.2018] INFO : Warte auf Daten vom Server...
[19:13:32:478 06.11.2018] INFO : Daten vom Server erhalten: http://mp3channels.webradio.antenne.de:80/antenne
[19:13:32:479 06.11.2018] DEBUG: Inizialisiere das Epfangen von Daten vom Server...
[19:13:32:479 06.11.2018] INFO : Warte auf Daten vom Server...
[19:13:41:100 06.11.2018] INFO : Debug wurde aktiviert!
[19:13:41:125 06.11.2018] INFO : Erstelle Datei system.config, falls diese nicht Vorhanden ist...
[19:13:41:126 06.11.2018] INFO : Die Datei existiert nun!
[19:13:41:126 06.11.2018] INFO : Erstelle Datei network.config, falls diese nicht Vorhanden ist...
[19:13:41:126 06.11.2018] INFO : Die Datei existiert nun!
[19:13:41:126 06.11.2018] DEBUG: Inizialisiere Config reader...
[19:13:41:127 06.11.2018] INFO : Config version wird gelesen...
[19:13:41:127 06.11.2018] DEBUG: Suche richtige Zeile...
[19:13:41:128 06.11.2018] DEBUG: Richtige Zeile wurde gefunden!
[19:13:41:128 06.11.2018] DEBUG: Trenne Value vom Key...
[19:13:41:128 06.11.2018] INFO : Config wurde gelesen!
[19:13:41:128 06.11.2018] INFO : Überprüfe Client Version mit der Server-Version...
[19:13:41:129 06.11.2018] DEBUG: Inizialisiere Config reader...
[19:13:41:129 06.11.2018] INFO : Config version wird gelesen...
[19:13:41:129 06.11.2018] DEBUG: Suche richtige Zeile...
[19:13:41:129 06.11.2018] DEBUG: Richtige Zeile wurde gefunden!
[19:13:41:130 06.11.2018] DEBUG: Trenne Value vom Key...
[19:13:41:130 06.11.2018] INFO : Config wurde gelesen!
[19:13:41:131 06.11.2018] DEBUG: Lade URL zum lesen der Version...
[19:13:41:137 06.11.2018] INFO : Eröffne Web-stream...
[19:13:41:834 06.11.2018] DEBUG: Inizialisiere URL reader um die Version zu lesen...
[19:13:41:835 06.11.2018] INFO : Version wird gelesen...
[19:13:41:836 06.11.2018] INFO : Version wurde gelesen!
[19:13:41:840 06.11.2018] DEBUG: Gleiche Versionen ab...
[19:13:41:840 06.11.2018] INFO : Sie verwenden eine Aktuelle Version!
[19:13:41:840 06.11.2018] DEBUG: Inizialisiere Config reader...
[19:13:41:840 06.11.2018] INFO : Config version wird gelesen...
[19:13:41:841 06.11.2018] DEBUG: Suche richtige Zeile...
[19:13:41:841 06.11.2018] DEBUG: Richtige Zeile wurde gefunden!
[19:13:41:842 06.11.2018] DEBUG: Trenne Value vom Key...
[19:13:41:844 06.11.2018] INFO : Config wurde gelesen!
[19:13:41:844 06.11.2018] INFO : Sie verwenden die neuste Version: 1.0
[19:13:41:845 06.11.2018] DEBUG: Setze neue Radioposition: 0
[19:13:41:845 06.11.2018] DEBUG: Neue Radioposition gesetzt!
[19:13:41:846 06.11.2018] INFO : Inizialisiere Radiostreams...
[19:13:41:846 06.11.2018] INFO : Verbindung zum Server wird Aufgabaut...
[19:13:41:847 06.11.2018] DEBUG: Server-URL wird gelesen...
[19:13:41:847 06.11.2018] DEBUG: Inizialisiere Config reader...
[19:13:41:847 06.11.2018] INFO : Config serverURL wird gelesen...
[19:13:41:847 06.11.2018] DEBUG: Suche richtige Zeile...
[19:13:41:847 06.11.2018] DEBUG: Richtige Zeile wurde gefunden!
[19:13:41:847 06.11.2018] DEBUG: Trenne Value vom Key...
[19:13:41:848 06.11.2018] INFO : Config wurde gelesen!
[19:13:41:848 06.11.2018] DEBUG: Server-Port wird gelesen...
[19:13:41:848 06.11.2018] DEBUG: Inizialisiere Config reader...
[19:13:41:848 06.11.2018] INFO : Config serverPort wird gelesen...
[19:13:41:848 06.11.2018] DEBUG: Suche richtige Zeile...
[19:13:41:848 06.11.2018] DEBUG: Suche richtige Zeile...
[19:13:41:848 06.11.2018] DEBUG: Richtige Zeile wurde gefunden!
[19:13:41:849 06.11.2018] DEBUG: Trenne Value vom Key...
[19:13:41:849 06.11.2018] INFO : Config wurde gelesen!
[19:13:41:875 06.11.2018] INFO : Verbindung zum Server wurde hergestellt!
[19:13:41:876 06.11.2018] DEBUG: Inizialisiere das Senden...
[19:13:41:876 06.11.2018] DEBUG: Daten werden geschrieben
[19:13:41:876 06.11.2018] INFO : Daten werden gesendet...
[19:13:41:876 06.11.2018] INFO : Daten wurden gesendet: Radio-getRadioStations
[19:13:41:876 06.11.2018] DEBUG: Inizialisiere das Epfangen von Daten vom Server...
[19:13:41:876 06.11.2018] INFO : Warte auf Daten vom Server...
[19:13:41:898 06.11.2018] INFO : Daten vom Server erhalten: 14
[19:13:41:899 06.11.2018] DEBUG: Inizialisiere das Epfangen von Daten vom Server...
[19:13:41:899 06.11.2018] INFO : Warte auf Daten vom Server...
[19:13:41:919 06.11.2018] INFO : Daten vom Server erhalten: ILoveRadio
[19:13:41:919 06.11.2018] DEBUG: Inizialisiere das Epfangen von Daten vom Server...
[19:13:41:919 06.11.2018] INFO : Warte auf Daten vom Server...
[19:13:41:998 06.11.2018] INFO : Daten vom Server erhalten: http://stream01.iloveradio.de/iloveradio1.mp3
[19:13:41:998 06.11.2018] DEBUG: Inizialisiere das Epfangen von Daten vom Server...
[19:13:41:998 06.11.2018] INFO : Warte auf Daten vom Server...
[19:13:42:097 06.11.2018] INFO : Daten vom Server erhalten: ILoveCharts
[19:13:42:098 06.11.2018] DEBUG: Inizialisiere das Epfangen von Daten vom Server...
[19:13:42:098 06.11.2018] INFO : Warte auf Daten vom Server...
[19:13:42:198 06.11.2018] INFO : Daten vom Server erhalten: http://stream01.iloveradio.de/iloveradio9.mp3
[19:13:42:198 06.11.2018] DEBUG: Inizialisiere das Epfangen von Daten vom Server...
[19:13:42:199 06.11.2018] INFO : Warte auf Daten vom Server...
[19:13:42:298 06.11.2018] INFO : Daten vom Server erhalten: ILove2Dance
[19:13:42:298 06.11.2018] DEBUG: Inizialisiere das Epfangen von Daten vom Server...
[19:13:42:298 06.11.2018] INFO : Warte auf Daten vom Server...
[19:13:42:398 06.11.2018] INFO : Daten vom Server erhalten: http://stream01.iloveradio.de/iloveradio2.mp3
[19:13:42:399 06.11.2018] DEBUG: Inizialisiere das Epfangen von Daten vom Server...
[19:13:42:399 06.11.2018] INFO : Warte auf Daten vom Server...
[19:13:42:504 06.11.2018] INFO : Daten vom Server erhalten: ILoveTheBattle
[19:13:42:505 06.11.2018] DEBUG: Inizialisiere das Epfangen von Daten vom Server...
[19:13:42:505 06.11.2018] INFO : Warte auf Daten vom Server...
[19:13:42:602 06.11.2018] INFO : Daten vom Server erhalten: http://stream01.iloveradio.de/iloveradio3.mp3
[19:13:42:603 06.11.2018] DEBUG: Inizialisiere das Epfangen von Daten vom Server...
[19:13:42:603 06.11.2018] INFO : Warte auf Daten vom Server...
[19:13:42:701 06.11.2018] INFO : Daten vom Server erhalten: ILoveDreist
[19:13:42:702 06.11.2018] DEBUG: Inizialisiere das Epfangen von Daten vom Server...
[19:13:42:702 06.11.2018] INFO : Warte auf Daten vom Server...
[19:13:42:814 06.11.2018] INFO : Daten vom Server erhalten: http://stream01.iloveradio.de/iloveradio6.mp3
[19:13:42:814 06.11.2018] DEBUG: Inizialisiere das Epfangen von Daten vom Server...
[19:13:42:814 06.11.2018] INFO : Warte auf Daten vom Server...
[19:13:42:902 06.11.2018] INFO : Daten vom Server erhalten: BigFM
[19:13:42:902 06.11.2018] DEBUG: Inizialisiere das Epfangen von Daten vom Server...
[19:13:42:903 06.11.2018] INFO : Warte auf Daten vom Server...
[19:13:43:002 06.11.2018] INFO : Daten vom Server erhalten: http://streams.bigfm.de/bigfm-deutschland-128-mp3?usid=0-0-H-M-D-30
[19:13:43:002 06.11.2018] DEBUG: Inizialisiere das Epfangen von Daten vom Server...
[19:13:43:003 06.11.2018] INFO : Warte auf Daten vom Server...
[19:13:43:103 06.11.2018] INFO : Daten vom Server erhalten: SWR3
[19:13:43:104 06.11.2018] DEBUG: Inizialisiere das Epfangen von Daten vom Server...
[19:13:43:104 06.11.2018] INFO : Warte auf Daten vom Server...
[19:13:43:202 06.11.2018] INFO : Daten vom Server erhalten: http://swr-swr3-live.cast.addradio.de/swr/swr3/live/mp3/128/stream.mp3
[19:13:43:203 06.11.2018] DEBUG: Inizialisiere das Epfangen von Daten vom Server...
[19:13:43:203 06.11.2018] INFO : Warte auf Daten vom Server...
[19:13:43:333 06.11.2018] INFO : Daten vom Server erhalten: YouFM
[19:13:43:333 06.11.2018] DEBUG: Inizialisiere das Epfangen von Daten vom Server...
[19:13:43:333 06.11.2018] INFO : Warte auf Daten vom Server...
[19:13:43:403 06.11.2018] INFO : Daten vom Server erhalten: http://hr-youfm-live.cast.addradio.de/hr/youfm/live/mp3/128/stream.mp3
[19:13:43:403 06.11.2018] DEBUG: Inizialisiere das Epfangen von Daten vom Server...
[19:13:43:403 06.11.2018] INFO : Warte auf Daten vom Server...
[19:13:43:504 06.11.2018] INFO : Daten vom Server erhalten: 1Live
[19:13:43:505 06.11.2018] DEBUG: Inizialisiere das Epfangen von Daten vom Server...
[19:13:43:505 06.11.2018] INFO : Warte auf Daten vom Server...
[19:13:43:609 06.11.2018] INFO : Daten vom Server erhalten: http://wdr-1live-live.icecast.wdr.de/wdr/1live/live/mp3/128/stream.mp3
[19:13:43:609 06.11.2018] DEBUG: Inizialisiere das Epfangen von Daten vom Server...
[19:13:43:609 06.11.2018] INFO : Warte auf Daten vom Server...
[19:13:43:713 06.11.2018] INFO : Daten vom Server erhalten: 1LiveDiggi
[19:13:43:713 06.11.2018] DEBUG: Inizialisiere das Epfangen von Daten vom Server...
[19:13:43:714 06.11.2018] INFO : Warte auf Daten vom Server...
[19:13:44:122 06.11.2018] INFO : Daten vom Server erhalten: http://wdr-1live-diggi.icecast.wdr.de/wdr/1live/diggi/mp3/128/stream.mp3
[19:13:44:122 06.11.2018] DEBUG: Inizialisiere das Epfangen von Daten vom Server...
[19:13:44:122 06.11.2018] INFO : Warte auf Daten vom Server...
[19:13:44:138 06.11.2018] INFO : Daten vom Server erhalten: Top100Station
[19:13:44:139 06.11.2018] DEBUG: Inizialisiere das Epfangen von Daten vom Server...
[19:13:44:139 06.11.2018] INFO : Warte auf Daten vom Server...
[19:13:44:205 06.11.2018] INFO : Daten vom Server erhalten: http://dieneuewelle.cast.addradio.de/dieneuewelle/simulcast/high/stream.mp3
[19:13:44:206 06.11.2018] DEBUG: Inizialisiere das Epfangen von Daten vom Server...
[19:13:44:206 06.11.2018] INFO : Warte auf Daten vom Server...
[19:13:44:307 06.11.2018] INFO : Daten vom Server erhalten: RadioRegenbogen
[19:13:44:308 06.11.2018] DEBUG: Inizialisiere das Epfangen von Daten vom Server...
[19:13:44:308 06.11.2018] INFO : Warte auf Daten vom Server...
[19:13:44:405 06.11.2018] INFO : Daten vom Server erhalten: https://streams.regenbogen.de/rr-mannheim-128-mp3
[19:13:44:406 06.11.2018] DEBUG: Inizialisiere das Epfangen von Daten vom Server...
[19:13:44:406 06.11.2018] INFO : Warte auf Daten vom Server...
[19:13:44:506 06.11.2018] INFO : Daten vom Server erhalten: AntenneBayern
[19:13:44:506 06.11.2018] DEBUG: Inizialisiere das Epfangen von Daten vom Server...
[19:13:44:507 06.11.2018] INFO : Warte auf Daten vom Server...
[19:13:44:605 06.11.2018] INFO : Daten vom Server erhalten: http://mp3channels.webradio.antenne.de:80/antenne
[19:13:44:606 06.11.2018] DEBUG: Inizialisiere das Epfangen von Daten vom Server...
[19:13:44:606 06.11.2018] INFO : Warte auf Daten vom Server...
[19:13:54:178 06.11.2018] INFO : Debug wurde aktiviert!
[19:13:54:183 06.11.2018] INFO : Erstelle Datei system.config, falls diese nicht Vorhanden ist...
[19:13:54:183 06.11.2018] INFO : Die Datei existiert nun!
[19:13:54:183 06.11.2018] INFO : Erstelle Datei network.config, falls diese nicht Vorhanden ist...
[19:13:54:183 06.11.2018] INFO : Die Datei existiert nun!
[19:13:54:184 06.11.2018] DEBUG: Inizialisiere Config reader...
[19:13:54:184 06.11.2018] INFO : Config version wird gelesen...
[19:13:54:184 06.11.2018] DEBUG: Suche richtige Zeile...
[19:13:54:184 06.11.2018] DEBUG: Richtige Zeile wurde gefunden!
[19:13:54:184 06.11.2018] DEBUG: Trenne Value vom Key...
[19:13:54:184 06.11.2018] INFO : Config wurde gelesen!
[19:13:54:185 06.11.2018] INFO : Überprüfe Client Version mit der Server-Version...
[19:13:54:185 06.11.2018] DEBUG: Inizialisiere Config reader...
[19:13:54:185 06.11.2018] INFO : Config version wird gelesen...
[19:13:54:185 06.11.2018] DEBUG: Suche richtige Zeile...
[19:13:54:189 06.11.2018] DEBUG: Richtige Zeile wurde gefunden!
[19:13:54:189 06.11.2018] DEBUG: Trenne Value vom Key...
[19:13:54:190 06.11.2018] INFO : Config wurde gelesen!
[19:13:54:191 06.11.2018] DEBUG: Lade URL zum lesen der Version...
[19:13:54:204 06.11.2018] INFO : Eröffne Web-stream...
[19:13:54:945 06.11.2018] DEBUG: Inizialisiere URL reader um die Version zu lesen...
[19:13:54:946 06.11.2018] INFO : Version wird gelesen...
[19:13:54:962 06.11.2018] INFO : Version wurde gelesen!
[19:13:54:962 06.11.2018] DEBUG: Gleiche Versionen ab...
[19:13:54:962 06.11.2018] INFO : Sie verwenden eine Aktuelle Version!
[19:13:54:963 06.11.2018] DEBUG: Inizialisiere Config reader...
[19:13:54:963 06.11.2018] INFO : Config version wird gelesen...
[19:13:54:963 06.11.2018] DEBUG: Suche richtige Zeile...
[19:13:54:963 06.11.2018] DEBUG: Richtige Zeile wurde gefunden!
[19:13:54:963 06.11.2018] DEBUG: Trenne Value vom Key...
[19:13:54:963 06.11.2018] INFO : Config wurde gelesen!
[19:13:54:963 06.11.2018] INFO : Sie verwenden die neuste Version: 1.0
[19:13:54:970 06.11.2018] DEBUG: Setze neue Radioposition: 0
[19:13:54:971 06.11.2018] DEBUG: Neue Radioposition gesetzt!
[19:13:54:972 06.11.2018] INFO : Inizialisiere Radiostreams...
[19:13:54:972 06.11.2018] INFO : Verbindung zum Server wird Aufgabaut...
[19:13:54:973 06.11.2018] DEBUG: Server-URL wird gelesen...
[19:13:54:973 06.11.2018] DEBUG: Inizialisiere Config reader...
[19:13:54:973 06.11.2018] INFO : Config serverURL wird gelesen...
[19:13:54:973 06.11.2018] DEBUG: Suche richtige Zeile...
[19:13:54:974 06.11.2018] DEBUG: Richtige Zeile wurde gefunden!
[19:13:54:974 06.11.2018] DEBUG: Trenne Value vom Key...
[19:13:54:974 06.11.2018] INFO : Config wurde gelesen!
[19:13:54:974 06.11.2018] DEBUG: Server-Port wird gelesen...
[19:13:54:974 06.11.2018] DEBUG: Inizialisiere Config reader...
[19:13:54:974 06.11.2018] INFO : Config serverPort wird gelesen...
[19:13:54:974 06.11.2018] DEBUG: Suche richtige Zeile...
[19:13:54:975 06.11.2018] DEBUG: Suche richtige Zeile...
[19:13:54:975 06.11.2018] DEBUG: Richtige Zeile wurde gefunden!
[19:13:54:975 06.11.2018] DEBUG: Trenne Value vom Key...
[19:13:54:975 06.11.2018] INFO : Config wurde gelesen!
[19:13:54:995 06.11.2018] INFO : Verbindung zum Server wurde hergestellt!
[19:13:54:995 06.11.2018] DEBUG: Inizialisiere das Senden...
[19:13:54:996 06.11.2018] DEBUG: Daten werden geschrieben
[19:13:54:996 06.11.2018] INFO : Daten werden gesendet...
[19:13:54:996 06.11.2018] INFO : Daten wurden gesendet: Radio-getRadioStations
[19:13:54:996 06.11.2018] DEBUG: Inizialisiere das Epfangen von Daten vom Server...
[19:13:54:997 06.11.2018] INFO : Warte auf Daten vom Server...
[19:13:55:017 06.11.2018] INFO : Daten vom Server erhalten: 14
[19:13:55:018 06.11.2018] DEBUG: Inizialisiere das Epfangen von Daten vom Server...
[19:13:55:018 06.11.2018] INFO : Warte auf Daten vom Server...
[19:13:55:042 06.11.2018] INFO : Daten vom Server erhalten: ILoveRadio
[19:13:55:042 06.11.2018] DEBUG: Inizialisiere das Epfangen von Daten vom Server...
[19:13:55:042 06.11.2018] INFO : Warte auf Daten vom Server...
[19:13:55:126 06.11.2018] INFO : Daten vom Server erhalten: http://stream01.iloveradio.de/iloveradio1.mp3
[19:13:55:126 06.11.2018] DEBUG: Inizialisiere das Epfangen von Daten vom Server...
[19:13:55:127 06.11.2018] INFO : Warte auf Daten vom Server...
[19:13:55:488 06.11.2018] INFO : Daten vom Server erhalten: ILoveCharts
[19:13:55:488 06.11.2018] DEBUG: Inizialisiere das Epfangen von Daten vom Server...
[19:13:55:488 06.11.2018] INFO : Warte auf Daten vom Server...
[19:13:55:514 06.11.2018] INFO : Daten vom Server erhalten: http://stream01.iloveradio.de/iloveradio9.mp3
[19:13:55:514 06.11.2018] DEBUG: Inizialisiere das Epfangen von Daten vom Server...
[19:13:55:514 06.11.2018] INFO : Warte auf Daten vom Server...
[19:13:55:554 06.11.2018] INFO : Daten vom Server erhalten: http://stream01.iloveradio.de/iloveradio2.mp3
[19:13:55:554 06.11.2018] DEBUG: Inizialisiere das Epfangen von Daten vom Server...
[19:13:55:563 06.11.2018] INFO : Warte auf Daten vom Server...
[19:13:55:622 06.11.2018] INFO : Daten vom Server erhalten: ILoveTheBattle
[19:13:55:622 06.11.2018] DEBUG: Inizialisiere das Epfangen von Daten vom Server...
[19:13:55:622 06.11.2018] INFO : Warte auf Daten vom Server...
[19:13:55:722 06.11.2018] INFO : Daten vom Server erhalten: http://stream01.iloveradio.de/iloveradio3.mp3
[19:13:55:723 06.11.2018] DEBUG: Inizialisiere das Epfangen von Daten vom Server...
[19:13:55:723 06.11.2018] INFO : Warte auf Daten vom Server...
[19:13:55:822 06.11.2018] INFO : Daten vom Server erhalten: ILoveDreist
[19:13:55:823 06.11.2018] DEBUG: Inizialisiere das Epfangen von Daten vom Server...
[19:13:55:823 06.11.2018] INFO : Warte auf Daten vom Server...
[19:13:55:922 06.11.2018] INFO : Daten vom Server erhalten: http://stream01.iloveradio.de/iloveradio6.mp3
[19:13:55:923 06.11.2018] DEBUG: Inizialisiere das Epfangen von Daten vom Server...
[19:13:55:923 06.11.2018] INFO : Warte auf Daten vom Server...
[19:13:56:022 06.11.2018] INFO : Daten vom Server erhalten: BigFM
[19:13:56:023 06.11.2018] DEBUG: Inizialisiere das Epfangen von Daten vom Server...
[19:13:56:023 06.11.2018] INFO : Warte auf Daten vom Server...
[19:13:56:122 06.11.2018] INFO : Daten vom Server erhalten: http://streams.bigfm.de/bigfm-deutschland-128-mp3?usid=0-0-H-M-D-30
[19:13:56:123 06.11.2018] DEBUG: Inizialisiere das Epfangen von Daten vom Server...
[19:13:56:123 06.11.2018] INFO : Warte auf Daten vom Server...
[19:13:56:222 06.11.2018] INFO : Daten vom Server erhalten: SWR3
[19:13:56:223 06.11.2018] DEBUG: Inizialisiere das Epfangen von Daten vom Server...
[19:13:56:224 06.11.2018] INFO : Warte auf Daten vom Server...
[19:13:56:322 06.11.2018] INFO : Daten vom Server erhalten: http://swr-swr3-live.cast.addradio.de/swr/swr3/live/mp3/128/stream.mp3
[19:13:56:323 06.11.2018] DEBUG: Inizialisiere das Epfangen von Daten vom Server...
[19:13:56:323 06.11.2018] INFO : Warte auf Daten vom Server...
[19:13:56:426 06.11.2018] INFO : Daten vom Server erhalten: YouFM
[19:13:56:427 06.11.2018] DEBUG: Inizialisiere das Epfangen von Daten vom Server...
[19:13:56:427 06.11.2018] INFO : Warte auf Daten vom Server...
[19:13:56:526 06.11.2018] INFO : Daten vom Server erhalten: http://hr-youfm-live.cast.addradio.de/hr/youfm/live/mp3/128/stream.mp3
[19:13:56:526 06.11.2018] DEBUG: Inizialisiere das Epfangen von Daten vom Server...
[19:13:56:526 06.11.2018] INFO : Warte auf Daten vom Server...
[19:13:56:626 06.11.2018] INFO : Daten vom Server erhalten: 1Live
[19:13:56:626 06.11.2018] DEBUG: Inizialisiere das Epfangen von Daten vom Server...
[19:13:56:627 06.11.2018] INFO : Warte auf Daten vom Server...
[19:13:56:727 06.11.2018] INFO : Daten vom Server erhalten: http://wdr-1live-live.icecast.wdr.de/wdr/1live/live/mp3/128/stream.mp3
[19:13:56:727 06.11.2018] DEBUG: Inizialisiere das Epfangen von Daten vom Server...
[19:13:56:727 06.11.2018] INFO : Warte auf Daten vom Server...
[19:13:56:829 06.11.2018] INFO : Daten vom Server erhalten: 1LiveDiggi
[19:13:56:829 06.11.2018] DEBUG: Inizialisiere das Epfangen von Daten vom Server...
[19:13:56:830 06.11.2018] INFO : Warte auf Daten vom Server...
[19:13:56:926 06.11.2018] INFO : Daten vom Server erhalten: http://wdr-1live-diggi.icecast.wdr.de/wdr/1live/diggi/mp3/128/stream.mp3
[19:13:56:927 06.11.2018] DEBUG: Inizialisiere das Epfangen von Daten vom Server...
[19:13:56:927 06.11.2018] INFO : Warte auf Daten vom Server...
[19:13:57:027 06.11.2018] INFO : Daten vom Server erhalten: Top100Station
[19:13:57:027 06.11.2018] DEBUG: Inizialisiere das Epfangen von Daten vom Server...
[19:13:57:027 06.11.2018] INFO : Warte auf Daten vom Server...
[19:13:57:126 06.11.2018] INFO : Daten vom Server erhalten: http://stream.top100station.com/top100station.mp3
[19:13:57:127 06.11.2018] DEBUG: Inizialisiere das Epfangen von Daten vom Server...
[19:13:57:127 06.11.2018] INFO : Warte auf Daten vom Server...
[19:13:57:229 06.11.2018] INFO : Daten vom Server erhalten: DieNeueWelle
[19:13:57:230 06.11.2018] DEBUG: Inizialisiere das Epfangen von Daten vom Server...
[19:13:57:230 06.11.2018] INFO : Warte auf Daten vom Server...
[19:13:57:350 06.11.2018] INFO : Daten vom Server erhalten: http://dieneuewelle.cast.addradio.de/dieneuewelle/simulcast/high/stream.mp3
[19:13:57:351 06.11.2018] DEBUG: Inizialisiere das Epfangen von Daten vom Server...
[19:13:57:352 06.11.2018] INFO : Warte auf Daten vom Server...
[19:13:57:426 06.11.2018] INFO : Daten vom Server erhalten: RadioRegenbogen
[19:13:57:427 06.11.2018] DEBUG: Inizialisiere das Epfangen von Daten vom Server...
[19:13:57:427 06.11.2018] INFO : Warte auf Daten vom Server...
[19:13:57:533 06.11.2018] INFO : Daten vom Server erhalten: https://streams.regenbogen.de/rr-mannheim-128-mp3
[19:13:57:533 06.11.2018] DEBUG: Inizialisiere das Epfangen von Daten vom Server...
[19:13:57:534 06.11.2018] INFO : Warte auf Daten vom Server...
[19:13:57:631 06.11.2018] INFO : Daten vom Server erhalten: AntenneBayern
[19:13:57:631 06.11.2018] DEBUG: Inizialisiere das Epfangen von Daten vom Server...
[19:13:57:632 06.11.2018] INFO : Warte auf Daten vom Server...
[19:13:57:730 06.11.2018] INFO : Daten vom Server erhalten: http://mp3channels.webradio.antenne.de:80/antenne
[19:13:57:731 06.11.2018] DEBUG: Inizialisiere das Epfangen von Daten vom Server...
[19:13:57:731 06.11.2018] INFO : Warte auf Daten vom Server...
[19:14:03:562 06.11.2018] INFO : Debug wurde aktiviert!
[19:14:03:567 06.11.2018] INFO : Erstelle Datei system.config, falls diese nicht Vorhanden ist...
[19:14:03:568 06.11.2018] INFO : Die Datei existiert nun!
[19:14:03:568 06.11.2018] INFO : Erstelle Datei network.config, falls diese nicht Vorhanden ist...
[19:14:03:568 06.11.2018] INFO : Die Datei existiert nun!
[19:14:03:569 06.11.2018] DEBUG: Inizialisiere Config reader...
[19:14:03:569 06.11.2018] INFO : Config version wird gelesen...
[19:14:03:570 06.11.2018] DEBUG: Suche richtige Zeile...
[19:14:03:570 06.11.2018] DEBUG: Richtige Zeile wurde gefunden!
[19:14:03:570 06.11.2018] DEBUG: Trenne Value vom Key...
[19:14:03:571 06.11.2018] INFO : Config wurde gelesen!
[19:14:03:572 06.11.2018] INFO : Überprüfe Client Version mit der Server-Version...
[19:14:03:572 06.11.2018] DEBUG: Inizialisiere Config reader...
[19:14:03:572 06.11.2018] INFO : Config version wird gelesen...
[19:14:03:572 06.11.2018] DEBUG: Suche richtige Zeile...
[19:14:03:572 06.11.2018] DEBUG: Richtige Zeile wurde gefunden!
[19:14:03:573 06.11.2018] DEBUG: Trenne Value vom Key...
[19:14:03:573 06.11.2018] INFO : Config wurde gelesen!
[19:14:03:574 06.11.2018] DEBUG: Lade URL zum lesen der Version...
[19:14:03:579 06.11.2018] INFO : Eröffne Web-stream...
[19:14:04:201 06.11.2018] DEBUG: Inizialisiere URL reader um die Version zu lesen...
[19:14:04:201 06.11.2018] INFO : Version wird gelesen...
[19:14:04:203 06.11.2018] INFO : Version wurde gelesen!
[19:14:04:203 06.11.2018] DEBUG: Gleiche Versionen ab...
[19:14:04:204 06.11.2018] INFO : Sie verwenden eine Aktuelle Version!
[19:14:04:204 06.11.2018] DEBUG: Inizialisiere Config reader...
[19:14:04:204 06.11.2018] INFO : Config version wird gelesen...
[19:14:04:204 06.11.2018] DEBUG: Suche richtige Zeile...
[19:14:04:204 06.11.2018] DEBUG: Richtige Zeile wurde gefunden!
[19:14:04:204 06.11.2018] DEBUG: Trenne Value vom Key...
[19:14:04:205 06.11.2018] INFO : Config wurde gelesen!
[19:14:04:205 06.11.2018] INFO : Sie verwenden die neuste Version: 1.0
[19:14:04:207 06.11.2018] DEBUG: Setze neue Radioposition: 0
[19:14:04:208 06.11.2018] DEBUG: Neue Radioposition gesetzt!
[19:14:04:211 06.11.2018] INFO : Inizialisiere Radiostreams...
[19:14:04:211 06.11.2018] INFO : Verbindung zum Server wird Aufgabaut...
[19:14:04:212 06.11.2018] DEBUG: Server-URL wird gelesen...
[19:14:04:212 06.11.2018] DEBUG: Inizialisiere Config reader...
[19:14:04:212 06.11.2018] INFO : Config serverURL wird gelesen...
[19:14:04:212 06.11.2018] DEBUG: Suche richtige Zeile...
[19:14:04:212 06.11.2018] DEBUG: Richtige Zeile wurde gefunden!
[19:14:04:213 06.11.2018] DEBUG: Trenne Value vom Key...
[19:14:04:213 06.11.2018] INFO : Config wurde gelesen!
[19:14:04:213 06.11.2018] DEBUG: Server-Port wird gelesen...
[19:14:04:213 06.11.2018] DEBUG: Inizialisiere Config reader...
[19:14:04:213 06.11.2018] INFO : Config serverPort wird gelesen...
[19:14:04:214 06.11.2018] DEBUG: Suche richtige Zeile...
[19:14:04:214 06.11.2018] DEBUG: Suche richtige Zeile...
[19:14:04:214 06.11.2018] DEBUG: Richtige Zeile wurde gefunden!
[19:14:04:214 06.11.2018] DEBUG: Trenne Value vom Key...
[19:14:04:214 06.11.2018] INFO : Config wurde gelesen!
[19:14:04:242 06.11.2018] INFO : Verbindung zum Server wurde hergestellt!
[19:14:04:243 06.11.2018] DEBUG: Inizialisiere das Senden...
[19:14:04:243 06.11.2018] DEBUG: Daten werden geschrieben
[19:14:04:243 06.11.2018] INFO : Daten werden gesendet...
[19:14:04:244 06.11.2018] INFO : Daten wurden gesendet: Radio-getRadioStations
[19:14:04:244 06.11.2018] DEBUG: Inizialisiere das Epfangen von Daten vom Server...
[19:14:04:244 06.11.2018] INFO : Warte auf Daten vom Server...
[19:14:04:266 06.11.2018] INFO : Daten vom Server erhalten: 14
[19:14:04:267 06.11.2018] DEBUG: Inizialisiere das Epfangen von Daten vom Server...
[19:14:04:267 06.11.2018] INFO : Warte auf Daten vom Server...
[19:14:04:290 06.11.2018] INFO : Daten vom Server erhalten: ILoveRadio
[19:14:04:291 06.11.2018] DEBUG: Inizialisiere das Epfangen von Daten vom Server...
[19:14:04:291 06.11.2018] INFO : Warte auf Daten vom Server...
[19:14:04:366 06.11.2018] INFO : Daten vom Server erhalten: http://stream01.iloveradio.de/iloveradio1.mp3
[19:14:04:366 06.11.2018] DEBUG: Inizialisiere das Epfangen von Daten vom Server...
[19:14:04:366 06.11.2018] INFO : Warte auf Daten vom Server...
[19:14:04:465 06.11.2018] INFO : Daten vom Server erhalten: ILoveCharts
[19:14:04:465 06.11.2018] DEBUG: Inizialisiere das Epfangen von Daten vom Server...
[19:14:04:465 06.11.2018] INFO : Warte auf Daten vom Server...
[19:14:04:811 06.11.2018] INFO : Daten vom Server erhalten: http://stream01.iloveradio.de/iloveradio9.mp3
[19:14:04:812 06.11.2018] DEBUG: Inizialisiere das Epfangen von Daten vom Server...
[19:14:04:812 06.11.2018] INFO : Warte auf Daten vom Server...
[19:14:04:834 06.11.2018] INFO : Daten vom Server erhalten: ILove2Dance
[19:14:04:834 06.11.2018] DEBUG: Inizialisiere das Epfangen von Daten vom Server...
[19:14:04:834 06.11.2018] INFO : Warte auf Daten vom Server...
[19:14:04:993 06.11.2018] INFO : Daten vom Server erhalten: ILoveTheBattle
[19:14:04:994 06.11.2018] DEBUG: Inizialisiere das Epfangen von Daten vom Server...
[19:14:04:994 06.11.2018] INFO : Warte auf Daten vom Server...
[19:14:05:135 06.11.2018] INFO : Daten vom Server erhalten: http://stream01.iloveradio.de/iloveradio3.mp3
[19:14:05:136 06.11.2018] DEBUG: Inizialisiere das Epfangen von Daten vom Server...
[19:14:05:136 06.11.2018] INFO : Warte auf Daten vom Server...
[19:14:05:198 06.11.2018] INFO : Daten vom Server erhalten: ILoveDreist
[19:14:05:199 06.11.2018] DEBUG: Inizialisiere das Epfangen von Daten vom Server...
[19:14:05:199 06.11.2018] INFO : Warte auf Daten vom Server...
[19:14:05:298 06.11.2018] INFO : Daten vom Server erhalten: http://stream01.iloveradio.de/iloveradio6.mp3
[19:14:05:298 06.11.2018] DEBUG: Inizialisiere das Epfangen von Daten vom Server...
[19:14:05:298 06.11.2018] INFO : Warte auf Daten vom Server...
[19:14:05:398 06.11.2018] INFO : Daten vom Server erhalten: BigFM
[19:14:05:399 06.11.2018] DEBUG: Inizialisiere das Epfangen von Daten vom Server...
[19:14:05:399 06.11.2018] INFO : Warte auf Daten vom Server...
[19:14:05:498 06.11.2018] INFO : Daten vom Server erhalten: http://streams.bigfm.de/bigfm-deutschland-128-mp3?usid=0-0-H-M-D-30
[19:14:05:498 06.11.2018] DEBUG: Inizialisiere das Epfangen von Daten vom Server...
[19:14:05:498 06.11.2018] INFO : Warte auf Daten vom Server...
[19:14:05:946 06.11.2018] INFO : Daten vom Server erhalten: SWR3
[19:14:05:947 06.11.2018] DEBUG: Inizialisiere das Epfangen von Daten vom Server...
[19:14:05:947 06.11.2018] INFO : Warte auf Daten vom Server...
[19:14:05:970 06.11.2018] INFO : Daten vom Server erhalten: http://swr-swr3-live.cast.addradio.de/swr/swr3/live/mp3/128/stream.mp3
[19:14:05:970 06.11.2018] DEBUG: Inizialisiere das Epfangen von Daten vom Server...
[19:14:05:971 06.11.2018] INFO : Warte auf Daten vom Server...
[19:14:06:002 06.11.2018] INFO : Daten vom Server erhalten: 1Live
[19:14:06:002 06.11.2018] DEBUG: Inizialisiere das Epfangen von Daten vom Server...
[19:14:06:003 06.11.2018] INFO : Warte auf Daten vom Server...
[19:14:06:102 06.11.2018] INFO : Daten vom Server erhalten: http://wdr-1live-live.icecast.wdr.de/wdr/1live/live/mp3/128/stream.mp3
[19:14:06:102 06.11.2018] DEBUG: Inizialisiere das Epfangen von Daten vom Server...
[19:14:06:102 06.11.2018] INFO : Warte auf Daten vom Server...
[19:14:06:203 06.11.2018] INFO : Daten vom Server erhalten: 1LiveDiggi
[19:14:06:204 06.11.2018] DEBUG: Inizialisiere das Epfangen von Daten vom Server...
[19:14:06:205 06.11.2018] INFO : Warte auf Daten vom Server...
[19:14:06:302 06.11.2018] INFO : Daten vom Server erhalten: http://wdr-1live-diggi.icecast.wdr.de/wdr/1live/diggi/mp3/128/stream.mp3
[19:14:06:303 06.11.2018] DEBUG: Inizialisiere das Epfangen von Daten vom Server...
[19:14:06:303 06.11.2018] INFO : Warte auf Daten vom Server...
[19:14:06:402 06.11.2018] INFO : Daten vom Server erhalten: Top100Station
[19:14:06:402 06.11.2018] DEBUG: Inizialisiere das Epfangen von Daten vom Server...
[19:14:06:403 06.11.2018] INFO : Warte auf Daten vom Server...
[19:14:06:502 06.11.2018] INFO : Daten vom Server erhalten: http://stream.top100station.com/top100station.mp3
[19:14:06:502 06.11.2018] DEBUG: Inizialisiere das Epfangen von Daten vom Server...
[19:14:06:502 06.11.2018] INFO : Warte auf Daten vom Server...
[19:14:06:603 06.11.2018] INFO : Daten vom Server erhalten: DieNeueWelle
[19:14:06:603 06.11.2018] DEBUG: Inizialisiere das Epfangen von Daten vom Server...
[19:14:06:603 06.11.2018] INFO : Warte auf Daten vom Server...
[19:14:06:702 06.11.2018] INFO : Daten vom Server erhalten: http://dieneuewelle.cast.addradio.de/dieneuewelle/simulcast/high/stream.mp3
[19:14:06:703 06.11.2018] DEBUG: Inizialisiere das Epfangen von Daten vom Server...
[19:14:06:703 06.11.2018] INFO : Warte auf Daten vom Server...
[19:14:06:803 06.11.2018] INFO : Daten vom Server erhalten: RadioRegenbogen
[19:14:06:803 06.11.2018] DEBUG: Inizialisiere das Epfangen von Daten vom Server...
[19:14:06:803 06.11.2018] INFO : Warte auf Daten vom Server...
[19:14:06:902 06.11.2018] INFO : Daten vom Server erhalten: https://streams.regenbogen.de/rr-mannheim-128-mp3
[19:14:06:903 06.11.2018] DEBUG: Inizialisiere das Epfangen von Daten vom Server...
[19:14:06:903 06.11.2018] INFO : Warte auf Daten vom Server...
[19:14:07:003 06.11.2018] INFO : Daten vom Server erhalten: AntenneBayern
[19:14:07:003 06.11.2018] DEBUG: Inizialisiere das Epfangen von Daten vom Server...
[19:14:07:003 06.11.2018] INFO : Warte auf Daten vom Server...
[19:14:07:107 06.11.2018] INFO : Daten vom Server erhalten: http://mp3channels.webradio.antenne.de:80/antenne
[19:14:07:107 06.11.2018] DEBUG: Inizialisiere das Epfangen von Daten vom Server...
[19:14:07:107 06.11.2018] INFO : Warte auf Daten vom Server...
[19:14:12:486 06.11.2018] INFO : Debug wurde aktiviert!
[19:14:12:493 06.11.2018] INFO : Erstelle Datei system.config, falls diese nicht Vorhanden ist...
[19:14:12:494 06.11.2018] INFO : Die Datei existiert nun!
[19:14:12:494 06.11.2018] INFO : Erstelle Datei network.config, falls diese nicht Vorhanden ist...
[19:14:12:494 06.11.2018] INFO : Die Datei existiert nun!
[19:14:12:494 06.11.2018] DEBUG: Inizialisiere Config reader...
[19:14:12:495 06.11.2018] INFO : Config version wird gelesen...
[19:14:12:495 06.11.2018] DEBUG: Suche richtige Zeile...
[19:14:12:495 06.11.2018] DEBUG: Richtige Zeile wurde gefunden!
[19:14:12:496 06.11.2018] DEBUG: Trenne Value vom Key...
[19:14:12:496 06.11.2018] INFO : Config wurde gelesen!
[19:14:12:496 06.11.2018] INFO : Überprüfe Client Version mit der Server-Version...
[19:14:12:497 06.11.2018] DEBUG: Inizialisiere Config reader...
[19:14:12:497 06.11.2018] INFO : Config version wird gelesen...
[19:14:12:497 06.11.2018] DEBUG: Suche richtige Zeile...
[19:14:12:497 06.11.2018] DEBUG: Richtige Zeile wurde gefunden!
[19:14:12:497 06.11.2018] DEBUG: Trenne Value vom Key...
[19:14:12:498 06.11.2018] INFO : Config wurde gelesen!
[19:14:12:499 06.11.2018] DEBUG: Lade URL zum lesen der Version...
[19:14:12:503 06.11.2018] INFO : Eröffne Web-stream...
[19:14:13:311 06.11.2018] DEBUG: Inizialisiere URL reader um die Version zu lesen...
[19:14:13:312 06.11.2018] INFO : Version wird gelesen...
[19:14:13:322 06.11.2018] INFO : Version wurde gelesen!
[19:14:13:323 06.11.2018] DEBUG: Gleiche Versionen ab...
[19:14:13:323 06.11.2018] INFO : Sie verwenden eine Aktuelle Version!
[19:14:13:323 06.11.2018] DEBUG: Inizialisiere Config reader...
[19:14:13:323 06.11.2018] INFO : Config version wird gelesen...
[19:14:13:323 06.11.2018] DEBUG: Suche richtige Zeile...
[19:14:13:324 06.11.2018] DEBUG: Richtige Zeile wurde gefunden!
[19:14:13:324 06.11.2018] DEBUG: Trenne Value vom Key...
[19:14:13:324 06.11.2018] INFO : Config wurde gelesen!
[19:14:13:324 06.11.2018] INFO : Sie verwenden die neuste Version: 1.0
[19:14:13:326 06.11.2018] DEBUG: Setze neue Radioposition: 0
[19:14:13:327 06.11.2018] DEBUG: Neue Radioposition gesetzt!
[19:14:13:330 06.11.2018] INFO : Inizialisiere Radiostreams...
[19:14:13:330 06.11.2018] INFO : Verbindung zum Server wird Aufgabaut...
[19:14:13:331 06.11.2018] DEBUG: Server-URL wird gelesen...
[19:14:13:331 06.11.2018] DEBUG: Inizialisiere Config reader...
[19:14:13:331 06.11.2018] INFO : Config serverURL wird gelesen...
[19:14:13:331 06.11.2018] DEBUG: Suche richtige Zeile...
[19:14:13:331 06.11.2018] DEBUG: Richtige Zeile wurde gefunden!
[19:14:13:332 06.11.2018] DEBUG: Trenne Value vom Key...
[19:14:13:332 06.11.2018] INFO : Config wurde gelesen!
[19:14:13:334 06.11.2018] DEBUG: Server-Port wird gelesen...
[19:14:13:334 06.11.2018] DEBUG: Inizialisiere Config reader...
[19:14:13:334 06.11.2018] INFO : Config serverPort wird gelesen...
[19:14:13:334 06.11.2018] DEBUG: Suche richtige Zeile...
[19:14:13:335 06.11.2018] DEBUG: Suche richtige Zeile...
[19:14:13:335 06.11.2018] DEBUG: Richtige Zeile wurde gefunden!
[19:14:13:338 06.11.2018] DEBUG: Trenne Value vom Key...
[19:14:13:338 06.11.2018] INFO : Config wurde gelesen!
[19:14:13:364 06.11.2018] INFO : Verbindung zum Server wurde hergestellt!
[19:14:13:365 06.11.2018] DEBUG: Inizialisiere das Senden...
[19:14:13:365 06.11.2018] DEBUG: Daten werden geschrieben
[19:14:13:365 06.11.2018] INFO : Daten werden gesendet...
[19:14:13:366 06.11.2018] INFO : Daten wurden gesendet: Radio-getRadioStations
[19:14:13:366 06.11.2018] DEBUG: Inizialisiere das Epfangen von Daten vom Server...
[19:14:13:366 06.11.2018] INFO : Warte auf Daten vom Server...
[19:14:13:400 06.11.2018] INFO : Daten vom Server erhalten: 14
[19:14:13:400 06.11.2018] DEBUG: Inizialisiere das Epfangen von Daten vom Server...
[19:14:13:400 06.11.2018] INFO : Warte auf Daten vom Server...
[19:14:13:426 06.11.2018] INFO : Daten vom Server erhalten: ILoveRadio
[19:14:13:426 06.11.2018] DEBUG: Inizialisiere das Epfangen von Daten vom Server...
[19:14:13:426 06.11.2018] INFO : Warte auf Daten vom Server...
[19:14:13:495 06.11.2018] INFO : Daten vom Server erhalten: http://stream01.iloveradio.de/iloveradio1.mp3
[19:14:13:496 06.11.2018] DEBUG: Inizialisiere das Epfangen von Daten vom Server...
[19:14:13:496 06.11.2018] INFO : Warte auf Daten vom Server...
[19:14:13:594 06.11.2018] INFO : Daten vom Server erhalten: ILoveCharts
[19:14:13:595 06.11.2018] DEBUG: Inizialisiere das Epfangen von Daten vom Server...
[19:14:13:595 06.11.2018] INFO : Warte auf Daten vom Server...
[19:14:13:693 06.11.2018] INFO : Daten vom Server erhalten: http://stream01.iloveradio.de/iloveradio9.mp3
[19:14:13:693 06.11.2018] DEBUG: Inizialisiere das Epfangen von Daten vom Server...
[19:14:13:693 06.11.2018] INFO : Warte auf Daten vom Server...
[19:14:13:795 06.11.2018] INFO : Daten vom Server erhalten: ILove2Dance
[19:14:13:795 06.11.2018] DEBUG: Inizialisiere das Epfangen von Daten vom Server...
[19:14:13:795 06.11.2018] INFO : Warte auf Daten vom Server...
[19:14:13:893 06.11.2018] INFO : Daten vom Server erhalten: http://stream01.iloveradio.de/iloveradio2.mp3
[19:14:13:893 06.11.2018] DEBUG: Inizialisiere das Epfangen von Daten vom Server...
[19:14:13:893 06.11.2018] INFO : Warte auf Daten vom Server...
[19:14:13:993 06.11.2018] INFO : Daten vom Server erhalten: ILoveTheBattle
[19:14:13:994 06.11.2018] DEBUG: Inizialisiere das Epfangen von Daten vom Server...
[19:14:13:994 06.11.2018] INFO : Warte auf Daten vom Server...
[19:14:14:093 06.11.2018] INFO : Daten vom Server erhalten: http://stream01.iloveradio.de/iloveradio3.mp3
[19:14:14:093 06.11.2018] DEBUG: Inizialisiere das Epfangen von Daten vom Server...
[19:14:14:094 06.11.2018] INFO : Warte auf Daten vom Server...
[19:14:14:198 06.11.2018] INFO : Daten vom Server erhalten: ILoveDreist
[19:14:14:198 06.11.2018] DEBUG: Inizialisiere das Epfangen von Daten vom Server...
[19:14:14:199 06.11.2018] INFO : Warte auf Daten vom Server...
[19:14:14:300 06.11.2018] INFO : Daten vom Server erhalten: http://stream01.iloveradio.de/iloveradio6.mp3
[19:14:14:300 06.11.2018] DEBUG: Inizialisiere das Epfangen von Daten vom Server...
[19:14:14:300 06.11.2018] INFO : Warte auf Daten vom Server...
[19:14:14:405 06.11.2018] INFO : Daten vom Server erhalten: BigFM
[19:14:14:405 06.11.2018] DEBUG: Inizialisiere das Epfangen von Daten vom Server...
[19:14:14:406 06.11.2018] INFO : Warte auf Daten vom Server...
[19:14:14:495 06.11.2018] INFO : Daten vom Server erhalten: http://streams.bigfm.de/bigfm-deutschland-128-mp3?usid=0-0-H-M-D-30
[19:14:14:495 06.11.2018] DEBUG: Inizialisiere das Epfangen von Daten vom Server...
[19:14:14:496 06.11.2018] INFO : Warte auf Daten vom Server...
[19:14:14:600 06.11.2018] INFO : Daten vom Server erhalten: SWR3
[19:14:14:601 06.11.2018] DEBUG: Inizialisiere das Epfangen von Daten vom Server...
[19:14:14:601 06.11.2018] INFO : Warte auf Daten vom Server...
[19:14:14:699 06.11.2018] INFO : Daten vom Server erhalten: http://swr-swr3-live.cast.addradio.de/swr/swr3/live/mp3/128/stream.mp3
[19:14:14:700 06.11.2018] DEBUG: Inizialisiere das Epfangen von Daten vom Server...
[19:14:14:700 06.11.2018] INFO : Warte auf Daten vom Server...
[19:14:14:807 06.11.2018] INFO : Daten vom Server erhalten: YouFM
[19:14:14:807 06.11.2018] DEBUG: Inizialisiere das Epfangen von Daten vom Server...
[19:14:14:808 06.11.2018] INFO : Warte auf Daten vom Server...
[19:14:14:902 06.11.2018] INFO : Daten vom Server erhalten: http://hr-youfm-live.cast.addradio.de/hr/youfm/live/mp3/128/stream.mp3
[19:14:14:902 06.11.2018] DEBUG: Inizialisiere das Epfangen von Daten vom Server...
[19:14:14:903 06.11.2018] INFO : Warte auf Daten vom Server...
[19:14:14:998 06.11.2018] INFO : Daten vom Server erhalten: 1Live
[19:14:14:998 06.11.2018] DEBUG: Inizialisiere das Epfangen von Daten vom Server...
[19:14:15:000 06.11.2018] INFO : Warte auf Daten vom Server...
[19:14:15:097 06.11.2018] INFO : Daten vom Server erhalten: http://wdr-1live-live.icecast.wdr.de/wdr/1live/live/mp3/128/stream.mp3
[19:14:15:097 06.11.2018] DEBUG: Inizialisiere das Epfangen von Daten vom Server...
[19:14:15:098 06.11.2018] INFO : Warte auf Daten vom Server...
[19:14:15:200 06.11.2018] INFO : Daten vom Server erhalten: 1LiveDiggi
[19:14:15:201 06.11.2018] DEBUG: Inizialisiere das Epfangen von Daten vom Server...
[19:14:15:202 06.11.2018] INFO : Warte auf Daten vom Server...
[19:14:15:306 06.11.2018] INFO : Daten vom Server erhalten: http://wdr-1live-diggi.icecast.wdr.de/wdr/1live/diggi/mp3/128/stream.mp3
[19:14:15:306 06.11.2018] DEBUG: Inizialisiere das Epfangen von Daten vom Server...
[19:14:15:306 06.11.2018] INFO : Warte auf Daten vom Server...
[19:14:15:415 06.11.2018] INFO : Daten vom Server erhalten: Top100Station
[19:14:15:416 06.11.2018] DEBUG: Inizialisiere das Epfangen von Daten vom Server...
[19:14:15:416 06.11.2018] INFO : Warte auf Daten vom Server...
[19:14:15:505 06.11.2018] INFO : Daten vom Server erhalten: http://stream.top100station.com/top100station.mp3
[19:14:15:506 06.11.2018] DEBUG: Inizialisiere das Epfangen von Daten vom Server...
[19:14:15:506 06.11.2018] INFO : Warte auf Daten vom Server...
[19:14:15:602 06.11.2018] INFO : Daten vom Server erhalten: DieNeueWelle
[19:14:15:603 06.11.2018] DEBUG: Inizialisiere das Epfangen von Daten vom Server...
[19:14:15:603 06.11.2018] INFO : Warte auf Daten vom Server...
[19:14:15:704 06.11.2018] INFO : Daten vom Server erhalten: http://dieneuewelle.cast.addradio.de/dieneuewelle/simulcast/high/stream.mp3
[19:14:15:704 06.11.2018] DEBUG: Inizialisiere das Epfangen von Daten vom Server...
[19:14:15:705 06.11.2018] INFO : Warte auf Daten vom Server...
[19:14:15:805 06.11.2018] INFO : Daten vom Server erhalten: RadioRegenbogen
[19:14:15:805 06.11.2018] DEBUG: Inizialisiere das Epfangen von Daten vom Server...
[19:14:15:805 06.11.2018] INFO : Warte auf Daten vom Server...
[19:14:15:902 06.11.2018] INFO : Daten vom Server erhalten: https://streams.regenbogen.de/rr-mannheim-128-mp3
[19:14:15:903 06.11.2018] DEBUG: Inizialisiere das Epfangen von Daten vom Server...
[19:14:15:903 06.11.2018] INFO : Warte auf Daten vom Server...
[19:14:16:003 06.11.2018] INFO : Daten vom Server erhalten: AntenneBayern
[19:14:16:003 06.11.2018] DEBUG: Inizialisiere das Epfangen von Daten vom Server...
[19:14:16:004 06.11.2018] INFO : Warte auf Daten vom Server...
[19:14:16:102 06.11.2018] INFO : Daten vom Server erhalten: http://mp3channels.webradio.antenne.de:80/antenne
[19:14:16:103 06.11.2018] INFO : RadioStreams inizialisiert!
[19:14:16:401 06.11.2018] INFO : Baue das Fenster...
[19:14:16:402 06.11.2018] DEBUG: Erstelle ein neues Layout...
[19:14:16:402 06.11.2018] DEBUG: Neues Layout erstell!
[19:14:16:417 06.11.2018] DEBUG: Mache das ScrollPane Scrollbar...
[19:14:16:418 06.11.2018] DEBUG: Inizialisiere das Fenster...
[19:14:16:418 06.11.2018] DEBUG: Setzte alle Layouts auf die Fenster...
[19:14:16:418 06.11.2018] DEBUG: Inizialisiere alle Panel...
[19:14:16:419 06.11.2018] DEBUG: Baue das MenuPanel...
[19:14:16:420 06.11.2018] DEBUG: Setzte alle SourceNamen...
[19:14:16:420 06.11.2018] DEBUG: Setzte alle Bilder...
[19:14:16:628 06.11.2018] DEBUG: Füge die Sources dem dazugehörigen Panel hinzu...
[19:14:16:628 06.11.2018] DEBUG: Erstelle ein neues Layout...
[19:14:16:628 06.11.2018] DEBUG: Neues Layout erstell!
[19:14:16:628 06.11.2018] DEBUG: Inizialisiere das isPlayingLabel als neuen Thread...
[19:14:16:629 06.11.2018] DEBUG: Starte den neuen Thread...
[19:14:16:629 06.11.2018] DEBUG: Thread gestartet!
[19:14:16:629 06.11.2018] DEBUG: Füge ActionListener hinzu...
[19:14:16:630 06.11.2018] DEBUG: Zeige alle Sources...
[19:14:16:630 06.11.2018] DEBUG: Baue das StationListPanel...
[19:14:16:638 06.11.2018] DEBUG: Setzte alle SourceNamen...
[19:14:16:638 06.11.2018] DEBUG: Setzte alle Bilder...
[19:14:16:654 06.11.2018] INFO : Frage ab ob ILoveRadio ein Favorit ist...
[19:14:16:655 06.11.2018] INFO : Hole alle Favoriten...
[19:14:16:656 06.11.2018] DEBUG: Inizialisiere den Reader...
[19:14:16:656 06.11.2018] DEBUG: Hole Favoriten von der Datei...
[19:14:16:656 06.11.2018] DEBUG: Es wurden 6 Favoriten gelesen!
[19:14:16:656 06.11.2018] DEBUG: Schließe den Reader...
[19:14:16:669 06.11.2018] INFO : Alle Favoriten wurden geholt!
[19:14:16:669 06.11.2018] INFO : ILoveRadio ist kein Favorit!
[19:14:16:669 06.11.2018] DEBUG: Füge ActionListener hinzu...
[19:14:16:669 06.11.2018] DEBUG: Füge die Sources dem dazugehörigen Panel hinzu...
[19:14:16:669 06.11.2018] DEBUG: Zeige alle Sources...
[19:14:16:670 06.11.2018] DEBUG: Setzte alle SourceNamen...
[19:14:16:670 06.11.2018] DEBUG: Setzte alle Bilder...
[19:14:16:681 06.11.2018] INFO : Frage ab ob ILoveCharts ein Favorit ist...
[19:14:16:681 06.11.2018] INFO : Hole alle Favoriten...
[19:14:16:681 06.11.2018] DEBUG: Inizialisiere den Reader...
[19:14:16:681 06.11.2018] DEBUG: Hole Favoriten von der Datei...
[19:14:16:681 06.11.2018] DEBUG: Es wurden 6 Favoriten gelesen!
[19:14:16:681 06.11.2018] DEBUG: Schließe den Reader...
[19:14:16:681 06.11.2018] INFO : Alle Favoriten wurden geholt!
[19:14:16:681 06.11.2018] INFO : ILoveCharts ist kein Favorit!
[19:14:16:681 06.11.2018] DEBUG: Füge ActionListener hinzu...
[19:14:16:682 06.11.2018] DEBUG: Füge die Sources dem dazugehörigen Panel hinzu...
[19:14:16:682 06.11.2018] DEBUG: Zeige alle Sources...
[19:14:16:682 06.11.2018] DEBUG: Setzte alle SourceNamen...
[19:14:16:682 06.11.2018] DEBUG: Setzte alle Bilder...
[19:14:16:697 06.11.2018] INFO : Frage ab ob ILove2Dance ein Favorit ist...
[19:14:16:697 06.11.2018] INFO : Hole alle Favoriten...
[19:14:16:698 06.11.2018] DEBUG: Inizialisiere den Reader...
[19:14:16:698 06.11.2018] DEBUG: Hole Favoriten von der Datei...
[19:14:16:698 06.11.2018] DEBUG: Es wurden 6 Favoriten gelesen!
[19:14:16:698 06.11.2018] DEBUG: Schließe den Reader...
[19:14:16:698 06.11.2018] INFO : Alle Favoriten wurden geholt!
[19:14:16:698 06.11.2018] INFO : ILove2Dance ist ein Favorit!
[19:14:16:699 06.11.2018] DEBUG: Füge ActionListener hinzu...
[19:14:16:699 06.11.2018] DEBUG: Füge die Sources dem dazugehörigen Panel hinzu...
[19:14:16:700 06.11.2018] DEBUG: Zeige alle Sources...
[19:14:16:703 06.11.2018] DEBUG: Setzte alle SourceNamen...
[19:14:16:703 06.11.2018] DEBUG: Setzte alle Bilder...
[19:14:16:715 06.11.2018] INFO : Frage ab ob ILoveTheBattle ein Favorit ist...
[19:14:16:716 06.11.2018] INFO : Hole alle Favoriten...
[19:14:16:716 06.11.2018] DEBUG: Inizialisiere den Reader...
[19:14:16:716 06.11.2018] DEBUG: Hole Favoriten von der Datei...
[19:14:16:716 06.11.2018] DEBUG: Es wurden 6 Favoriten gelesen!
[19:14:16:716 06.11.2018] DEBUG: Schließe den Reader...
[19:14:16:716 06.11.2018] INFO : Alle Favoriten wurden geholt!
[19:14:16:716 06.11.2018] INFO : ILoveTheBattle ist ein Favorit!
[19:14:16:716 06.11.2018] DEBUG: Füge ActionListener hinzu...
[19:14:16:716 06.11.2018] DEBUG: Füge die Sources dem dazugehörigen Panel hinzu...
[19:14:16:717 06.11.2018] DEBUG: Zeige alle Sources...
[19:14:16:718 06.11.2018] DEBUG: Setzte alle SourceNamen...
[19:14:16:719 06.11.2018] DEBUG: Setzte alle Bilder...
[19:14:16:727 06.11.2018] INFO : Frage ab ob ILoveDreist ein Favorit ist...
[19:14:16:727 06.11.2018] INFO : Hole alle Favoriten...
[19:14:16:728 06.11.2018] DEBUG: Inizialisiere den Reader...
[19:14:16:728 06.11.2018] DEBUG: Hole Favoriten von der Datei...
[19:14:16:728 06.11.2018] DEBUG: Es wurden 6 Favoriten gelesen!
[19:14:16:728 06.11.2018] DEBUG: Schließe den Reader...
[19:14:16:728 06.11.2018] INFO : Alle Favoriten wurden geholt!
[19:14:16:728 06.11.2018] INFO : ILoveDreist ist kein Favorit!
[19:14:16:728 06.11.2018] DEBUG: Füge ActionListener hinzu...
[19:14:16:728 06.11.2018] DEBUG: Füge die Sources dem dazugehörigen Panel hinzu...
[19:14:16:728 06.11.2018] DEBUG: Zeige alle Sources...
[19:14:16:729 06.11.2018] DEBUG: Setzte alle SourceNamen...
[19:14:16:729 06.11.2018] DEBUG: Setzte alle Bilder...
[19:14:16:755 06.11.2018] INFO : Frage ab ob BigFM ein Favorit ist...
[19:14:16:755 06.11.2018] INFO : Hole alle Favoriten...
[19:14:16:755 06.11.2018] DEBUG: Inizialisiere den Reader...
[19:14:16:755 06.11.2018] DEBUG: Hole Favoriten von der Datei...
[19:14:16:755 06.11.2018] DEBUG: Es wurden 6 Favoriten gelesen!
[19:14:16:755 06.11.2018] DEBUG: Schließe den Reader...
[19:14:16:755 06.11.2018] INFO : Alle Favoriten wurden geholt!
[19:14:16:755 06.11.2018] INFO : BigFM ist ein Favorit!
[19:14:16:755 06.11.2018] DEBUG: Füge ActionListener hinzu...
[19:14:16:756 06.11.2018] DEBUG: Füge die Sources dem dazugehörigen Panel hinzu...
[19:14:16:756 06.11.2018] DEBUG: Zeige alle Sources...
[19:14:16:757 06.11.2018] DEBUG: Setzte alle SourceNamen...
[19:14:16:758 06.11.2018] DEBUG: Setzte alle Bilder...
[19:14:16:767 06.11.2018] INFO : Frage ab ob SWR3 ein Favorit ist...
[19:14:16:768 06.11.2018] INFO : Hole alle Favoriten...
[19:14:16:768 06.11.2018] DEBUG: Inizialisiere den Reader...
[19:14:16:768 06.11.2018] DEBUG: Hole Favoriten von der Datei...
[19:14:16:768 06.11.2018] DEBUG: Es wurden 6 Favoriten gelesen!
[19:14:16:768 06.11.2018] DEBUG: Schließe den Reader...
[19:14:16:768 06.11.2018] INFO : Alle Favoriten wurden geholt!
[19:14:16:768 06.11.2018] INFO : SWR3 ist ein Favorit!
[19:14:16:768 06.11.2018] DEBUG: Füge ActionListener hinzu...
[19:14:16:768 06.11.2018] DEBUG: Füge die Sources dem dazugehörigen Panel hinzu...
[19:14:16:768 06.11.2018] DEBUG: Zeige alle Sources...
[19:14:16:769 06.11.2018] DEBUG: Setzte alle SourceNamen...
[19:14:16:769 06.11.2018] DEBUG: Setzte alle Bilder...
[19:14:16:786 06.11.2018] INFO : Frage ab ob YouFM ein Favorit ist...
[19:14:16:786 06.11.2018] INFO : Hole alle Favoriten...
[19:14:16:786 06.11.2018] DEBUG: Inizialisiere den Reader...
[19:14:16:786 06.11.2018] DEBUG: Hole Favoriten von der Datei...
[19:14:16:786 06.11.2018] DEBUG: Es wurden 6 Favoriten gelesen!
[19:14:16:786 06.11.2018] DEBUG: Schließe den Reader...
[19:14:16:786 06.11.2018] INFO : Alle Favoriten wurden geholt!
[19:14:16:786 06.11.2018] INFO : YouFM ist ein Favorit!
[19:14:16:786 06.11.2018] DEBUG: Füge ActionListener hinzu...
[19:14:16:786 06.11.2018] DEBUG: Füge die Sources dem dazugehörigen Panel hinzu...
[19:14:16:787 06.11.2018] DEBUG: Zeige alle Sources...
[19:14:16:789 06.11.2018] DEBUG: Setzte alle SourceNamen...
[19:14:16:789 06.11.2018] DEBUG: Setzte alle Bilder...
[19:14:16:801 06.11.2018] INFO : Frage ab ob 1Live ein Favorit ist...
[19:14:16:802 06.11.2018] INFO : Hole alle Favoriten...
[19:14:16:802 06.11.2018] DEBUG: Inizialisiere den Reader...
[19:14:16:802 06.11.2018] DEBUG: Hole Favoriten von der Datei...
[19:14:16:802 06.11.2018] DEBUG: Es wurden 6 Favoriten gelesen!
[19:14:16:802 06.11.2018] DEBUG: Schließe den Reader...
[19:14:16:802 06.11.2018] INFO : Alle Favoriten wurden geholt!
[19:14:16:802 06.11.2018] INFO : 1Live ist kein Favorit!
[19:14:16:802 06.11.2018] DEBUG: Füge ActionListener hinzu...
[19:14:16:802 06.11.2018] DEBUG: Füge die Sources dem dazugehörigen Panel hinzu...
[19:14:16:802 06.11.2018] DEBUG: Zeige alle Sources...
[19:14:16:803 06.11.2018] DEBUG: Setzte alle SourceNamen...
[19:14:16:803 06.11.2018] DEBUG: Setzte alle Bilder...
[19:14:16:813 06.11.2018] INFO : Frage ab ob 1LiveDiggi ein Favorit ist...
[19:14:16:813 06.11.2018] INFO : Hole alle Favoriten...
[19:14:16:813 06.11.2018] DEBUG: Inizialisiere den Reader...
[19:14:16:813 06.11.2018] DEBUG: Hole Favoriten von der Datei...
[19:14:16:813 06.11.2018] DEBUG: Es wurden 6 Favoriten gelesen!
[19:14:16:813 06.11.2018] DEBUG: Schließe den Reader...
[19:14:16:813 06.11.2018] INFO : Alle Favoriten wurden geholt!
[19:14:16:814 06.11.2018] INFO : 1LiveDiggi ist ein Favorit!
[19:14:16:814 06.11.2018] DEBUG: Füge ActionListener hinzu...
[19:14:16:814 06.11.2018] DEBUG: Füge die Sources dem dazugehörigen Panel hinzu...
[19:14:16:814 06.11.2018] DEBUG: Zeige alle Sources...
[19:14:16:815 06.11.2018] DEBUG: Setzte alle SourceNamen...
[19:14:16:815 06.11.2018] DEBUG: Setzte alle Bilder...
[19:14:16:824 06.11.2018] INFO : Frage ab ob Top100Station ein Favorit ist...
[19:14:16:824 06.11.2018] INFO : Hole alle Favoriten...
[19:14:16:824 06.11.2018] DEBUG: Inizialisiere den Reader...
[19:14:16:825 06.11.2018] DEBUG: Hole Favoriten von der Datei...
[19:14:16:825 06.11.2018] DEBUG: Es wurden 6 Favoriten gelesen!
[19:14:16:825 06.11.2018] DEBUG: Schließe den Reader...
[19:14:16:825 06.11.2018] INFO : Alle Favoriten wurden geholt!
[19:14:16:825 06.11.2018] INFO : Top100Station ist kein Favorit!
[19:14:16:825 06.11.2018] DEBUG: Füge ActionListener hinzu...
[19:14:16:825 06.11.2018] DEBUG: Füge die Sources dem dazugehörigen Panel hinzu...
[19:14:16:825 06.11.2018] DEBUG: Zeige alle Sources...
[19:14:16:825 06.11.2018] DEBUG: Setzte alle SourceNamen...
[19:14:16:825 06.11.2018] DEBUG: Setzte alle Bilder...
[19:14:16:831 06.11.2018] INFO : Frage ab ob DieNeueWelle ein Favorit ist...
[19:14:16:831 06.11.2018] INFO : Hole alle Favoriten...
[19:14:16:831 06.11.2018] DEBUG: Inizialisiere den Reader...
[19:14:16:831 06.11.2018] DEBUG: Hole Favoriten von der Datei...
[19:14:16:831 06.11.2018] DEBUG: Es wurden 6 Favoriten gelesen!
[19:14:16:831 06.11.2018] DEBUG: Schließe den Reader...
[19:14:16:831 06.11.2018] INFO : Alle Favoriten wurden geholt!
[19:14:16:831 06.11.2018] INFO : DieNeueWelle ist kein Favorit!
[19:14:16:831 06.11.2018] DEBUG: Füge ActionListener hinzu...
[19:14:16:831 06.11.2018] DEBUG: Füge die Sources dem dazugehörigen Panel hinzu...
[19:14:16:831 06.11.2018] DEBUG: Zeige alle Sources...
[19:14:16:832 06.11.2018] DEBUG: Setzte alle SourceNamen...
[19:14:16:833 06.11.2018] DEBUG: Setzte alle Bilder...
[19:14:16:841 06.11.2018] INFO : Frage ab ob RadioRegenbogen ein Favorit ist...
[19:14:16:841 06.11.2018] INFO : Hole alle Favoriten...
[19:14:16:842 06.11.2018] DEBUG: Inizialisiere den Reader...
[19:14:16:842 06.11.2018] DEBUG: Hole Favoriten von der Datei...
[19:14:16:842 06.11.2018] DEBUG: Es wurden 6 Favoriten gelesen!
[19:14:16:842 06.11.2018] DEBUG: Schließe den Reader...
[19:14:16:842 06.11.2018] INFO : Alle Favoriten wurden geholt!
[19:14:16:842 06.11.2018] INFO : RadioRegenbogen ist kein Favorit!
[19:14:16:842 06.11.2018] DEBUG: Füge ActionListener hinzu...
[19:14:16:842 06.11.2018] DEBUG: Füge die Sources dem dazugehörigen Panel hinzu...
[19:14:16:842 06.11.2018] DEBUG: Zeige alle Sources...
[19:14:16:842 06.11.2018] DEBUG: Setzte alle SourceNamen...
[19:14:16:842 06.11.2018] DEBUG: Setzte alle Bilder...
[19:14:16:853 06.11.2018] INFO : Frage ab ob AntenneBayern ein Favorit ist...
[19:14:16:853 06.11.2018] INFO : Hole alle Favoriten...
[19:14:16:853 06.11.2018] DEBUG: Inizialisiere den Reader...
[19:14:16:853 06.11.2018] DEBUG: Hole Favoriten von der Datei...
[19:14:16:853 06.11.2018] DEBUG: Es wurden 6 Favoriten gelesen!
[19:14:16:853 06.11.2018] DEBUG: Schließe den Reader...
[19:14:16:853 06.11.2018] INFO : Alle Favoriten wurden geholt!
[19:14:16:853 06.11.2018] INFO : AntenneBayern ist kein Favorit!
[19:14:16:853 06.11.2018] DEBUG: Füge ActionListener hinzu...
[19:14:16:854 06.11.2018] DEBUG: Füge die Sources dem dazugehörigen Panel hinzu...
[19:14:16:854 06.11.2018] DEBUG: Zeige alle Sources...
[19:14:16:861 06.11.2018] DEBUG: Baue das AudioSettingsPanel...
[19:14:16:861 06.11.2018] DEBUG: Erstelle ein neues Layout...
[19:14:16:861 06.11.2018] DEBUG: Neues Layout erstell!
[19:14:16:862 06.11.2018] DEBUG: Setzte alle Bilder...
[19:14:16:889 06.11.2018] DEBUG: Setzte alle SourceNamen...
[19:14:16:889 06.11.2018] DEBUG: Füge ActionListener hinzu...
[19:14:16:889 06.11.2018] DEBUG: Füge die Sources dem dazugehörigen Panel hinzu...
[19:14:16:890 06.11.2018] DEBUG: Zeige alle Sources...
[19:14:16:890 06.11.2018] DEBUG: Baue das FavoritListPanel...
[19:14:16:890 06.11.2018] INFO : Frage ab ob ILoveRadio ein Favorit ist...
[19:14:16:890 06.11.2018] INFO : Hole alle Favoriten...
[19:14:16:890 06.11.2018] DEBUG: Inizialisiere den Reader...
[19:14:16:890 06.11.2018] DEBUG: Hole Favoriten von der Datei...
[19:14:16:890 06.11.2018] DEBUG: Es wurden 6 Favoriten gelesen!
[19:14:16:890 06.11.2018] DEBUG: Schließe den Reader...
[19:14:16:890 06.11.2018] INFO : Alle Favoriten wurden geholt!
[19:14:16:890 06.11.2018] INFO : ILoveRadio ist kein Favorit!
[19:14:16:890 06.11.2018] INFO : Frage ab ob ILoveCharts ein Favorit ist...
[19:14:16:890 06.11.2018] INFO : Hole alle Favoriten...
[19:14:16:890 06.11.2018] DEBUG: Inizialisiere den Reader...
[19:14:16:890 06.11.2018] DEBUG: Hole Favoriten von der Datei...
[19:14:16:890 06.11.2018] DEBUG: Es wurden 6 Favoriten gelesen!
[19:14:16:890 06.11.2018] DEBUG: Schließe den Reader...
[19:14:16:890 06.11.2018] INFO : Alle Favoriten wurden geholt!
[19:14:16:891 06.11.2018] INFO : ILoveCharts ist kein Favorit!
[19:14:16:891 06.11.2018] INFO : Frage ab ob ILove2Dance ein Favorit ist...
[19:14:16:891 06.11.2018] INFO : Hole alle Favoriten...
[19:14:16:891 06.11.2018] DEBUG: Inizialisiere den Reader...
[19:14:16:891 06.11.2018] DEBUG: Hole Favoriten von der Datei...
[19:14:16:891 06.11.2018] DEBUG: Es wurden 6 Favoriten gelesen!
[19:14:16:891 06.11.2018] DEBUG: Schließe den Reader...
[19:14:16:891 06.11.2018] INFO : Alle Favoriten wurden geholt!
[19:14:16:891 06.11.2018] INFO : ILove2Dance ist ein Favorit!
[19:14:16:891 06.11.2018] DEBUG: Setzte alle SourceNamen...
[19:14:16:891 06.11.2018] DEBUG: Setzte alle Bilder...
[19:14:16:900 06.11.2018] DEBUG: Füge ActionListener hinzu...
[19:14:16:900 06.11.2018] DEBUG: Füge die Sources dem dazugehörigen Panel hinzu...
[19:14:16:900 06.11.2018] DEBUG: Zeige alle Sources...
[19:14:16:900 06.11.2018] INFO : Frage ab ob ILoveTheBattle ein Favorit ist...
[19:14:16:900 06.11.2018] INFO : Hole alle Favoriten...
[19:14:16:900 06.11.2018] DEBUG: Inizialisiere den Reader...
[19:14:16:900 06.11.2018] DEBUG: Hole Favoriten von der Datei...
[19:14:16:900 06.11.2018] DEBUG: Es wurden 6 Favoriten gelesen!
[19:14:16:900 06.11.2018] DEBUG: Schließe den Reader...
[19:14:16:901 06.11.2018] INFO : Alle Favoriten wurden geholt!
[19:14:16:901 06.11.2018] INFO : ILoveTheBattle ist ein Favorit!
[19:14:16:903 06.11.2018] DEBUG: Setzte alle SourceNamen...
[19:14:16:903 06.11.2018] DEBUG: Setzte alle Bilder...
[19:14:16:912 06.11.2018] DEBUG: Füge ActionListener hinzu...
[19:14:16:912 06.11.2018] DEBUG: Füge die Sources dem dazugehörigen Panel hinzu...
[19:14:16:912 06.11.2018] DEBUG: Zeige alle Sources...
[19:14:16:912 06.11.2018] INFO : Frage ab ob ILoveDreist ein Favorit ist...
[19:14:16:912 06.11.2018] INFO : Hole alle Favoriten...
[19:14:16:912 06.11.2018] DEBUG: Inizialisiere den Reader...
[19:14:16:913 06.11.2018] DEBUG: Hole Favoriten von der Datei...
[19:14:16:913 06.11.2018] DEBUG: Es wurden 6 Favoriten gelesen!
[19:14:16:913 06.11.2018] DEBUG: Schließe den Reader...
[19:14:16:913 06.11.2018] INFO : Alle Favoriten wurden geholt!
[19:14:16:913 06.11.2018] INFO : ILoveDreist ist kein Favorit!
[19:14:16:913 06.11.2018] INFO : Frage ab ob BigFM ein Favorit ist...
[19:14:16:913 06.11.2018] INFO : Hole alle Favoriten...
[19:14:16:913 06.11.2018] DEBUG: Inizialisiere den Reader...
[19:14:16:913 06.11.2018] DEBUG: Hole Favoriten von der Datei...
[19:14:16:913 06.11.2018] DEBUG: Es wurden 6 Favoriten gelesen!
[19:14:16:913 06.11.2018] DEBUG: Schließe den Reader...
[19:14:16:913 06.11.2018] INFO : Alle Favoriten wurden geholt!
[19:14:16:913 06.11.2018] INFO : BigFM ist ein Favorit!
[19:14:16:914 06.11.2018] DEBUG: Setzte alle SourceNamen...
[19:14:16:914 06.11.2018] DEBUG: Setzte alle Bilder...
[19:14:16:926 06.11.2018] DEBUG: Füge ActionListener hinzu...
[19:14:16:927 06.11.2018] DEBUG: Füge die Sources dem dazugehörigen Panel hinzu...
[19:14:16:927 06.11.2018] DEBUG: Zeige alle Sources...
[19:14:16:927 06.11.2018] INFO : Frage ab ob SWR3 ein Favorit ist...
[19:14:16:927 06.11.2018] INFO : Hole alle Favoriten...
[19:14:16:927 06.11.2018] DEBUG: Inizialisiere den Reader...
[19:14:16:927 06.11.2018] DEBUG: Hole Favoriten von der Datei...
[19:14:16:927 06.11.2018] DEBUG: Es wurden 6 Favoriten gelesen!
[19:14:16:927 06.11.2018] DEBUG: Schließe den Reader...
[19:14:16:927 06.11.2018] INFO : Alle Favoriten wurden geholt!
[19:14:16:927 06.11.2018] INFO : SWR3 ist ein Favorit!
[19:14:16:928 06.11.2018] DEBUG: Setzte alle SourceNamen...
[19:14:16:928 06.11.2018] DEBUG: Setzte alle Bilder...
[19:14:16:937 06.11.2018] DEBUG: Füge ActionListener hinzu...
[19:14:16:937 06.11.2018] DEBUG: Füge die Sources dem dazugehörigen Panel hinzu...
[19:14:16:937 06.11.2018] DEBUG: Zeige alle Sources...
[19:14:16:937 06.11.2018] INFO : Frage ab ob YouFM ein Favorit ist...
[19:14:16:937 06.11.2018] INFO : Hole alle Favoriten...
[19:14:16:937 06.11.2018] DEBUG: Inizialisiere den Reader...
[19:14:16:937 06.11.2018] DEBUG: Hole Favoriten von der Datei...
[19:14:16:937 06.11.2018] DEBUG: Es wurden 6 Favoriten gelesen!
[19:14:16:937 06.11.2018] DEBUG: Schließe den Reader...
[19:14:16:937 06.11.2018] INFO : Alle Favoriten wurden geholt!
[19:14:16:937 06.11.2018] INFO : YouFM ist ein Favorit!
[19:14:16:938 06.11.2018] DEBUG: Setzte alle SourceNamen...
[19:14:16:938 06.11.2018] DEBUG: Setzte alle Bilder...
[19:14:16:945 06.11.2018] DEBUG: Füge ActionListener hinzu...
[19:14:16:945 06.11.2018] DEBUG: Füge die Sources dem dazugehörigen Panel hinzu...
[19:14:16:945 06.11.2018] DEBUG: Zeige alle Sources...
[19:14:16:945 06.11.2018] INFO : Frage ab ob 1Live ein Favorit ist...
[19:14:16:945 06.11.2018] INFO : Hole alle Favoriten...
[19:14:16:945 06.11.2018] DEBUG: Inizialisiere den Reader...
[19:14:16:945 06.11.2018] DEBUG: Hole Favoriten von der Datei...
[19:14:16:945 06.11.2018] DEBUG: Es wurden 6 Favoriten gelesen!
[19:14:16:945 06.11.2018] DEBUG: Schließe den Reader...
[19:14:16:945 06.11.2018] INFO : Alle Favoriten wurden geholt!
[19:14:16:945 06.11.2018] INFO : 1Live ist kein Favorit!
[19:14:16:945 06.11.2018] INFO : Frage ab ob 1LiveDiggi ein Favorit ist...
[19:14:16:945 06.11.2018] INFO : Hole alle Favoriten...
[19:14:16:945 06.11.2018] DEBUG: Inizialisiere den Reader...
[19:14:16:945 06.11.2018] DEBUG: Hole Favoriten von der Datei...
[19:14:16:945 06.11.2018] DEBUG: Es wurden 6 Favoriten gelesen!
[19:14:16:945 06.11.2018] DEBUG: Schließe den Reader...
[19:14:16:945 06.11.2018] INFO : Alle Favoriten wurden geholt!
[19:14:16:945 06.11.2018] INFO : 1LiveDiggi ist ein Favorit!
[19:14:16:946 06.11.2018] DEBUG: Setzte alle SourceNamen...
[19:14:16:946 06.11.2018] DEBUG: Setzte alle Bilder...
[19:14:16:954 06.11.2018] DEBUG: Füge ActionListener hinzu...
[19:14:16:954 06.11.2018] DEBUG: Füge die Sources dem dazugehörigen Panel hinzu...
[19:14:16:954 06.11.2018] DEBUG: Zeige alle Sources...
[19:14:16:954 06.11.2018] INFO : Frage ab ob Top100Station ein Favorit ist...
[19:14:16:955 06.11.2018] INFO : Hole alle Favoriten...
[19:14:16:955 06.11.2018] DEBUG: Inizialisiere den Reader...
[19:14:16:955 06.11.2018] DEBUG: Hole Favoriten von der Datei...
[19:14:16:955 06.11.2018] DEBUG: Es wurden 6 Favoriten gelesen!
[19:14:16:955 06.11.2018] DEBUG: Schließe den Reader...
[19:14:16:955 06.11.2018] INFO : Alle Favoriten wurden geholt!
[19:14:16:955 06.11.2018] INFO : Top100Station ist kein Favorit!
[19:14:16:955 06.11.2018] INFO : Frage ab ob DieNeueWelle ein Favorit ist...
[19:14:16:955 06.11.2018] INFO : Hole alle Favoriten...
[19:14:16:955 06.11.2018] DEBUG: Inizialisiere den Reader...
[19:14:16:955 06.11.2018] DEBUG: Hole Favoriten von der Datei...
[19:14:16:955 06.11.2018] DEBUG: Es wurden 6 Favoriten gelesen!
[19:14:16:955 06.11.2018] DEBUG: Schließe den Reader...
[19:14:16:955 06.11.2018] INFO : Alle Favoriten wurden geholt!
[19:14:16:955 06.11.2018] INFO : DieNeueWelle ist kein Favorit!
[19:14:16:955 06.11.2018] INFO : Frage ab ob RadioRegenbogen ein Favorit ist...
[19:14:16:955 06.11.2018] INFO : Hole alle Favoriten...
[19:14:16:955 06.11.2018] DEBUG: Inizialisiere den Reader...
[19:14:16:955 06.11.2018] DEBUG: Hole Favoriten von der Datei...
[19:14:16:956 06.11.2018] DEBUG: Es wurden 6 Favoriten gelesen!
[19:14:16:956 06.11.2018] DEBUG: Schließe den Reader...
[19:14:16:956 06.11.2018] INFO : Alle Favoriten wurden geholt!
[19:14:16:956 06.11.2018] INFO : RadioRegenbogen ist kein Favorit!
[19:14:16:956 06.11.2018] INFO : Frage ab ob AntenneBayern ein Favorit ist...
[19:14:16:956 06.11.2018] INFO : Hole alle Favoriten...
[19:14:16:956 06.11.2018] DEBUG: Inizialisiere den Reader...
[19:14:16:956 06.11.2018] DEBUG: Hole Favoriten von der Datei...
[19:14:16:956 06.11.2018] DEBUG: Es wurden 6 Favoriten gelesen!
[19:14:16:956 06.11.2018] DEBUG: Schließe den Reader...
[19:14:16:956 06.11.2018] INFO : Alle Favoriten wurden geholt!
[19:14:16:956 06.11.2018] INFO : AntenneBayern ist kein Favorit!
[19:14:16:958 06.11.2018] DEBUG: Zeige alle Fenster...
[19:14:17:635 06.11.2018] DEBUG: Frage ab ob schon ein Radio läuft...
[19:14:17:637 06.11.2018] DEBUG: Das Radio läuft nicht!
[19:14:18:638 06.11.2018] DEBUG: Frage ab ob schon ein Radio läuft...
[19:14:18:638 06.11.2018] DEBUG: Das Radio läuft nicht!
[19:14:19:464 06.11.2018] DEBUG: Die Weiter-Taste an der Tastatur wurde gedrückt!
[19:14:19:465 06.11.2018] INFO : Wechsle zur nächsten Station...
[19:14:19:465 06.11.2018] DEBUG: Setze neue Radioposition: -1
[19:14:19:465 06.11.2018] DEBUG: Neue Radioposition gesetzt!
[19:14:19:465 06.11.2018] INFO : Setzte den Pause-Button auf auf den Play-Modus...
[19:14:19:477 06.11.2018] INFO : Der Pause-Button wurde zum Play-Moodus geändert!
[19:14:19:477 06.11.2018] INFO : Starte den Radio-Stream...
[19:14:19:478 06.11.2018] INFO : Stream gestartet!
[19:14:19:478 06.11.2018] INFO : Zur nächsten Station gewächselt!
[19:14:19:478 06.11.2018] DEBUG: Inizialisiere Verbindung zum ausgewältem Radiosender...
[19:14:19:556 06.11.2018] INFO : Verbinde mit dem ausgewältem Radiosender...
[19:14:20:805 06.11.2018] DEBUG: Baue den Input-Stream auf...
[19:14:21:008 06.11.2018] INFO : Starte mit der Wiedergabe...
[19:14:22:927 06.11.2018] INFO : Ein Knopf im Programm wurde gedrückt!
[19:14:22:928 06.11.2018] DEBUG: Frage ab welche Instanz der Knopf hat...
[19:14:22:928 06.11.2018] DEBUG: Der Knopf ist ein Normaler Button!
[19:14:22:928 06.11.2018] DEBUG: Hole den Namen vom Button...
[19:14:22:928 06.11.2018] DEBUG: Der Knopf BUTTON-pause wurde gedrückt!
[19:14:22:928 06.11.2018] DEBUG: Verweise zum Richtigen Event...
[19:14:22:928 06.11.2018] INFO : Pausiere das Radio...
[19:14:22:929 06.11.2018] DEBUG: Frage ab ob schon ein Radio läuft...
[19:14:22:929 06.11.2018] DEBUG: Das Radio läuft!
[19:14:22:929 06.11.2018] DEBUG: Frage ab ob schon ein Radio läuft...
[19:14:22:929 06.11.2018] DEBUG: Das Radio läuft!
[19:14:22:929 06.11.2018] INFO : Setzte den Pause-Button auf auf den Pause-Modus...
[19:14:22:940 06.11.2018] INFO : Der Pause-Button wurde zum Pause-Moodus geändert!
[19:14:23:066 06.11.2018] DEBUG: Das Radio wird gestoppt...
[19:14:23:068 06.11.2018] INFO : Setzte den Pause-Button auf auf den Pause-Modus...
[19:14:23:074 06.11.2018] INFO : Der Pause-Button wurde zum Pause-Moodus geändert!
[19:14:23:074 06.11.2018] DEBUG: Das Radio wurde gestoppt!
[19:14:23:074 06.11.2018] INFO : Das Radio wurde pausiert!
[19:14:31:699 06.11.2018] INFO : Verbindung zum Server wird geschlossen!
[19:14:31:699 06.11.2018] DEBUG: Inizialisiere das Senden...
[19:14:31:700 06.11.2018] DEBUG: Daten werden geschrieben
[19:14:31:701 06.11.2018] INFO : Daten werden gesendet...
[19:14:31:701 06.11.2018] INFO : Daten wurden gesendet: logout
[19:14:31:802 06.11.2018] INFO : Verbindung zum Server wurde geschlossen!
